"../../../../../../Users/renia/Desktop/Unreal Engine Stuff/Chillenium_v8/Content/2dSideScroller/Textures/2DBackgroundTile.uasset" 0
"../../../../../../Users/renia/Desktop/Unreal Engine Stuff/Chillenium_v8/Content/2DSideScroller/Materials/PrototypingSpriteMaterial.uasset" 1
"../../../../../../Users/renia/Desktop/Unreal Engine Stuff/Chillenium_v8/Content/2DSideScroller/Sprites/PrototypingSprite.uasset" 2
"../../../../../../Users/renia/Desktop/Unreal Engine Stuff/Chillenium_v8/Content/Chillenium/Assets/Boom_Sprite_Sheet_Sprite_0.uasset" 3
"../../../../../../Users/renia/Desktop/Unreal Engine Stuff/Chillenium_v8/Content/Chillenium/Assets/Boom_Sprite_Sheet_Sprite_1.uasset" 4
"../../../../../../Users/renia/Desktop/Unreal Engine Stuff/Chillenium_v8/Content/Chillenium/Assets/Boom_Sprite_Sheet_Sprite_10.uasset" 5
"../../../../../../Users/renia/Desktop/Unreal Engine Stuff/Chillenium_v8/Content/Chillenium/Assets/Boom_Sprite_Sheet_Sprite_11.uasset" 6
"../../../../../../Users/renia/Desktop/Unreal Engine Stuff/Chillenium_v8/Content/Chillenium/Assets/Boom_Sprite_Sheet_Sprite_2.uasset" 7
"../../../../../../Users/renia/Desktop/Unreal Engine Stuff/Chillenium_v8/Content/Chillenium/Assets/Boom_Sprite_Sheet_Sprite_3.uasset" 8
"../../../../../../Users/renia/Desktop/Unreal Engine Stuff/Chillenium_v8/Content/Chillenium/Assets/Boom_Sprite_Sheet_Sprite_4.uasset" 9
"../../../../../../Users/renia/Desktop/Unreal Engine Stuff/Chillenium_v8/Content/Chillenium/Assets/Boom_Sprite_Sheet_Sprite_5.uasset" 10
"../../../../../../Users/renia/Desktop/Unreal Engine Stuff/Chillenium_v8/Content/Chillenium/Assets/Boom_Sprite_Sheet_Sprite_6.uasset" 11
"../../../../../../Users/renia/Desktop/Unreal Engine Stuff/Chillenium_v8/Content/Chillenium/Assets/Boom_Sprite_Sheet_Sprite_7.uasset" 12
"../../../../../../Users/renia/Desktop/Unreal Engine Stuff/Chillenium_v8/Content/Chillenium/Assets/Boom_Sprite_Sheet_Sprite_8.uasset" 13
"../../../../../../Users/renia/Desktop/Unreal Engine Stuff/Chillenium_v8/Content/Chillenium/Assets/Boom_Sprite_Sheet_Sprite_9.uasset" 14
"../../../../../../Users/renia/Desktop/Unreal Engine Stuff/Chillenium_v8/Content/Chillenium/Sprites/Life_Counter.uasset" 15
"../../../../../../Users/renia/Desktop/Unreal Engine Stuff/Chillenium_v8/Content/Chillenium/Assets/Life_Counter_Sprite.uasset" 16
"../../../Engine/Content/EditorBlueprintResources/StandardMacros.uasset" 17
"../../../../../../Users/renia/Desktop/Unreal Engine Stuff/Chillenium_v8/Content/Chillenium/Sprites/Acid_Sheet.uasset" 18
"../../../../../../Users/renia/Desktop/Unreal Engine Stuff/Chillenium_v8/Content/Chillenium/Assets/Acid_Sheet_Sprite_0.uasset" 19
"../../../../../../Users/renia/Desktop/Unreal Engine Stuff/Chillenium_v8/Content/Chillenium/Assets/Acid_Sheet_Sprite_1.uasset" 20
"../../../../../../Users/renia/Desktop/Unreal Engine Stuff/Chillenium_v8/Content/Chillenium/Assets/Acid_Sheet_Sprite_2.uasset" 21
"../../../../../../Users/renia/Desktop/Unreal Engine Stuff/Chillenium_v8/Content/Chillenium/Assets/Acid_Sheet_Sprite_3.uasset" 22
"../../../../../../Users/renia/Desktop/Unreal Engine Stuff/Chillenium_v8/Content/Chillenium/Assets/Acid_Sheet_Sprite_4.uasset" 23
"../../../../../../Users/renia/Desktop/Unreal Engine Stuff/Chillenium_v8/Content/Chillenium/Assets/Acid_Sheet_Sprite_5.uasset" 24
"../../../../../../Users/renia/Desktop/Unreal Engine Stuff/Chillenium_v8/Content/Chillenium/Assets/Acid_Sheet_Sprite_6.uasset" 25
"../../../../../../Users/renia/Desktop/Unreal Engine Stuff/Chillenium_v8/Content/Chillenium/Assets/Acid_Sheet_Sprite_7.uasset" 26
"../../../../../../Users/renia/Desktop/Unreal Engine Stuff/Chillenium_v8/Content/Chillenium/Assets/Acid_Sheet_Sprite_8.uasset" 27
"../../../../../../Users/renia/Desktop/Unreal Engine Stuff/Chillenium_v8/Content/Chillenium/Flipbook/FB_Acid_Puddle.uasset" 28
"../../../../../../Users/renia/Desktop/Unreal Engine Stuff/Chillenium_v8/Content/Chillenium/Blueprints/BP_Acid_Slime.uasset" 29
"../../../../../../Users/renia/Desktop/Unreal Engine Stuff/Chillenium_v8/Content/Chillenium/Sprites/Tear_Sheet.uasset" 30
"../../../../../../Users/renia/Desktop/Unreal Engine Stuff/Chillenium_v8/Content/Chillenium/Assets/Tear_Sheet_Sprite_0.uasset" 31
"../../../../../../Users/renia/Desktop/Unreal Engine Stuff/Chillenium_v8/Content/Chillenium/Assets/Tear_Sheet_Sprite_1.uasset" 32
"../../../../../../Users/renia/Desktop/Unreal Engine Stuff/Chillenium_v8/Content/Chillenium/Assets/Tear_Sheet_Sprite_2.uasset" 33
"../../../../../../Users/renia/Desktop/Unreal Engine Stuff/Chillenium_v8/Content/Chillenium/Assets/Tear_Sheet_Sprite_3.uasset" 34
"../../../../../../Users/renia/Desktop/Unreal Engine Stuff/Chillenium_v8/Content/Chillenium/Assets/Tear_Sheet_Sprite_4.uasset" 35
"../../../../../../Users/renia/Desktop/Unreal Engine Stuff/Chillenium_v8/Content/Chillenium/Assets/Tear_Sheet_Sprite_5.uasset" 36
"../../../../../../Users/renia/Desktop/Unreal Engine Stuff/Chillenium_v8/Content/Chillenium/Assets/Tear_Sheet_Sprite_6.uasset" 37
"../../../../../../Users/renia/Desktop/Unreal Engine Stuff/Chillenium_v8/Content/Chillenium/Assets/Tear_Sheet_Sprite_7.uasset" 38
"../../../../../../Users/renia/Desktop/Unreal Engine Stuff/Chillenium_v8/Content/Chillenium/Assets/Tear_Sheet_Sprite_8.uasset" 39
"../../../../../../Users/renia/Desktop/Unreal Engine Stuff/Chillenium_v8/Content/Chillenium/Assets/Tear_Sheet_Sprite_9.uasset" 40
"../../../../../../Users/renia/Desktop/Unreal Engine Stuff/Chillenium_v8/Content/Chillenium/Flipbook/FB_Water_Drop.uasset" 41
"../../../../../../Users/renia/Desktop/Unreal Engine Stuff/Chillenium_v8/Content/Chillenium/Blueprints/BP_Crying.uasset" 42
"../../../../../../Users/renia/Desktop/Unreal Engine Stuff/Chillenium_v8/Content/Chillenium/Sprites/Exclaim_Sheet.uasset" 43
"../../../../../../Users/renia/Desktop/Unreal Engine Stuff/Chillenium_v8/Content/Chillenium/Assets/Exclaim_Sheet_Sprite_0.uasset" 44
"../../../../../../Users/renia/Desktop/Unreal Engine Stuff/Chillenium_v8/Content/Chillenium/Assets/Exclaim_Sheet_Sprite_1.uasset" 45
"../../../../../../Users/renia/Desktop/Unreal Engine Stuff/Chillenium_v8/Content/Chillenium/Assets/Exclaim_Sheet_Sprite_2.uasset" 46
"../../../../../../Users/renia/Desktop/Unreal Engine Stuff/Chillenium_v8/Content/Chillenium/Assets/Exclaim_Sheet_Sprite_3.uasset" 47
"../../../../../../Users/renia/Desktop/Unreal Engine Stuff/Chillenium_v8/Content/Chillenium/Assets/Exclaim_Sheet_Sprite_4.uasset" 48
"../../../../../../Users/renia/Desktop/Unreal Engine Stuff/Chillenium_v8/Content/Chillenium/Assets/Exclaim_Sheet_Sprite_5.uasset" 49
"../../../../../../Users/renia/Desktop/Unreal Engine Stuff/Chillenium_v8/Content/Chillenium/Assets/Exclaim_Sheet_Sprite_6.uasset" 50
"../../../../../../Users/renia/Desktop/Unreal Engine Stuff/Chillenium_v8/Content/Chillenium/Assets/Exclaim_Sheet_Sprite_7.uasset" 51
"../../../../../../Users/renia/Desktop/Unreal Engine Stuff/Chillenium_v8/Content/Chillenium/Assets/Exclaim_Sheet_Sprite_8.uasset" 52
"../../../../../../Users/renia/Desktop/Unreal Engine Stuff/Chillenium_v8/Content/Chillenium/Flipbook/FB_Exclaimation.uasset" 53
"../../../../../../Users/renia/Desktop/Unreal Engine Stuff/Chillenium_v8/Content/Chillenium/Blueprints/BP_Eclamation.uasset" 54
"../../../../../../Users/renia/Desktop/Unreal Engine Stuff/Chillenium_v8/Content/Chillenium/Sprites/acid_barrel_sprite_sheet.uasset" 55
"../../../../../../Users/renia/Desktop/Unreal Engine Stuff/Chillenium_v8/Content/Chillenium/Assets/acid_barrel_sprite_sheet_Sprite_0.uasset" 56
"../../../../../../Users/renia/Desktop/Unreal Engine Stuff/Chillenium_v8/Content/Chillenium/Assets/acid_barrel_sprite_sheet_Sprite_1.uasset" 57
"../../../../../../Users/renia/Desktop/Unreal Engine Stuff/Chillenium_v8/Content/Chillenium/Flipbook/FB_AcidBarrel.uasset" 58
"../../../../../../Users/renia/Desktop/Unreal Engine Stuff/Chillenium_v8/Content/Chillenium/Sprites/Bam.uasset" 59
"../../../../../../Users/renia/Desktop/Unreal Engine Stuff/Chillenium_v8/Content/Chillenium/Sprites/Bam_Sprite_0.uasset" 60
"../../../../../../Users/renia/Desktop/Unreal Engine Stuff/Chillenium_v8/Content/Chillenium/Flipbook/FB_Bam.uasset" 61
"../../../../../../Users/renia/Desktop/Unreal Engine Stuff/Chillenium_v8/Content/Chillenium/Sprites/Bubble_Gum.uasset" 62
"../../../../../../Users/renia/Desktop/Unreal Engine Stuff/Chillenium_v8/Content/Chillenium/Assets/Bubble_Gum_Sprite_0.uasset" 63
"../../../../../../Users/renia/Desktop/Unreal Engine Stuff/Chillenium_v8/Content/Chillenium/Flipbook/FB_Bubblegum.uasset" 64
"../../../../../../Users/renia/Desktop/Unreal Engine Stuff/Chillenium_v8/Content/Chillenium/Sprites/Cinder_block.uasset" 65
"../../../../../../Users/renia/Desktop/Unreal Engine Stuff/Chillenium_v8/Content/Chillenium/Assets/Cinder_block_Sprite_0.uasset" 66
"../../../../../../Users/renia/Desktop/Unreal Engine Stuff/Chillenium_v8/Content/Chillenium/Flipbook/FB_Cinderblock.uasset" 67
"../../../../../../Users/renia/Desktop/Unreal Engine Stuff/Chillenium_v8/Content/Chillenium/Sprites/Vials.uasset" 68
"../../../../../../Users/renia/Desktop/Unreal Engine Stuff/Chillenium_v8/Content/Chillenium/Assets/Vials_Sprite_0.uasset" 69
"../../../../../../Users/renia/Desktop/Unreal Engine Stuff/Chillenium_v8/Content/Chillenium/Flipbook/FB_Vial.uasset" 70
"../../../../../../Users/renia/Desktop/Unreal Engine Stuff/Chillenium_v8/Content/Chillenium/Sprites/Bomb_Drop_Sheet.uasset" 71
"../../../../../../Users/renia/Desktop/Unreal Engine Stuff/Chillenium_v8/Content/Chillenium/Sprites/Bomb_Drop_Sheet_Sprite_0.uasset" 72
"../../../../../../Users/renia/Desktop/Unreal Engine Stuff/Chillenium_v8/Content/Chillenium/Sprites/Bomb_Drop_Sheet_Sprite_1.uasset" 73
"../../../../../../Users/renia/Desktop/Unreal Engine Stuff/Chillenium_v8/Content/Chillenium/Sprites/FB_Click_Bomb.uasset" 74
"../../../../../../Users/renia/Desktop/Unreal Engine Stuff/Chillenium_v8/Content/Chillenium/Blueprints/BP_Change_Mouse_Icon.uasset" 75
"../../../../../../Users/renia/Desktop/Unreal Engine Stuff/Chillenium_v8/Content/Chillenium/Items_For_Slime_To_Absorb/AcidSlime.uasset" 76
"../../../../../../Users/renia/Desktop/Unreal Engine Stuff/Chillenium_v8/Content/Chillenium/Items_For_Slime_To_Absorb/Bomb.uasset" 77
"../../../../../../Users/renia/Desktop/Unreal Engine Stuff/Chillenium_v8/Content/Chillenium/Items_For_Slime_To_Absorb/Bridge_Slime_Trigger1.uasset" 78
"../../../../../../Users/renia/Desktop/Unreal Engine Stuff/Chillenium_v8/Content/Chillenium/Items_For_Slime_To_Absorb/Call_Bounce.uasset" 79
"../../../../../../Users/renia/Desktop/Unreal Engine Stuff/Chillenium_v8/Content/Chillenium/Items_For_Slime_To_Absorb/Wall_Slime_Trigger.uasset" 80
"../../../../../../Users/renia/Desktop/Unreal Engine Stuff/Chillenium_v8/Content/Chillenium/Blueprints/BP_Spawn_Slime.uasset" 81
"../../../../../../Users/renia/Desktop/Unreal Engine Stuff/Chillenium_v8/Content/Chillenium/Sprites/Buttons.uasset" 82
"../../../../../../Users/renia/Desktop/Unreal Engine Stuff/Chillenium_v8/Content/Chillenium/Sprites/Buttons_Sprite_0.uasset" 83
"../../../../../../Users/renia/Desktop/Unreal Engine Stuff/Chillenium_v8/Content/Chillenium/UI/UI_slimes_available.uasset" 84
"../../../../../../Users/renia/Desktop/Unreal Engine Stuff/Chillenium_v8/Content/Chillenium/Blueprints/BP_Mouse.uasset" 85
"../../../../../../Users/renia/Desktop/Unreal Engine Stuff/Chillenium_v8/Content/Chillenium/Sprites/Question_Sheet.uasset" 86
"../../../../../../Users/renia/Desktop/Unreal Engine Stuff/Chillenium_v8/Content/Chillenium/Assets/Question_Sheet_Sprite_0.uasset" 87
"../../../../../../Users/renia/Desktop/Unreal Engine Stuff/Chillenium_v8/Content/Chillenium/Assets/Question_Sheet_Sprite_1.uasset" 88
"../../../../../../Users/renia/Desktop/Unreal Engine Stuff/Chillenium_v8/Content/Chillenium/Assets/Question_Sheet_Sprite_2.uasset" 89
"../../../../../../Users/renia/Desktop/Unreal Engine Stuff/Chillenium_v8/Content/Chillenium/Assets/Question_Sheet_Sprite_3.uasset" 90
"../../../../../../Users/renia/Desktop/Unreal Engine Stuff/Chillenium_v8/Content/Chillenium/Assets/Question_Sheet_Sprite_4.uasset" 91
"../../../../../../Users/renia/Desktop/Unreal Engine Stuff/Chillenium_v8/Content/Chillenium/Assets/Question_Sheet_Sprite_5.uasset" 92
"../../../../../../Users/renia/Desktop/Unreal Engine Stuff/Chillenium_v8/Content/Chillenium/Assets/Question_Sheet_Sprite_6.uasset" 93
"../../../../../../Users/renia/Desktop/Unreal Engine Stuff/Chillenium_v8/Content/Chillenium/Assets/Question_Sheet_Sprite_7.uasset" 94
"../../../../../../Users/renia/Desktop/Unreal Engine Stuff/Chillenium_v8/Content/Chillenium/Assets/Question_Sheet_Sprite_8.uasset" 95
"../../../../../../Users/renia/Desktop/Unreal Engine Stuff/Chillenium_v8/Content/Chillenium/Sprites/Question_Sheet_Sprite_9.uasset" 96
"../../../../../../Users/renia/Desktop/Unreal Engine Stuff/Chillenium_v8/Content/Chillenium/Flipbook/FB_Question_Mark.uasset" 97
"../../../../../../Users/renia/Desktop/Unreal Engine Stuff/Chillenium_v8/Content/Chillenium/Blueprints/BP_Question.uasset" 98
"../../../../../../Users/renia/Desktop/Unreal Engine Stuff/Chillenium_v8/Content/Chillenium/Sprites/Bridge.uasset" 99
"../../../../../../Users/renia/Desktop/Unreal Engine Stuff/Chillenium_v8/Content/Chillenium/Assets/Bridge_Sprite_0.uasset" 100
"../../../../../../Users/renia/Desktop/Unreal Engine Stuff/Chillenium_v8/Content/Chillenium/Flipbook/FB_Bridge.uasset" 101
"../../../../../../Users/renia/Desktop/Unreal Engine Stuff/Chillenium_v8/Content/Chillenium/Items_For_Slime_To_Absorb/BridgeSlime.uasset" 102
"../../../../../../Users/renia/Desktop/Unreal Engine Stuff/Chillenium_v8/Content/Chillenium/Sprites/Bounce.uasset" 103
"../../../../../../Users/renia/Desktop/Unreal Engine Stuff/Chillenium_v8/Content/Chillenium/Sprites/Bounce_Sprite_0.uasset" 104
"../../../../../../Users/renia/Desktop/Unreal Engine Stuff/Chillenium_v8/Content/Chillenium/Flipbook/FB_Bounce.uasset" 105
"../../../../../../Users/renia/Desktop/Unreal Engine Stuff/Chillenium_v8/Content/Chillenium/Sound/48939__itsallhappening__boing_wav.uasset" 106
"../../../../../../Users/renia/Desktop/Unreal Engine Stuff/Chillenium_v8/Content/Chillenium/Items_For_Slime_To_Absorb/SlimeBouncePad.uasset" 107
"../../../../../../Users/renia/Desktop/Unreal Engine Stuff/Chillenium_v8/Content/Chillenium/Sprites/Wall.uasset" 108
"../../../../../../Users/renia/Desktop/Unreal Engine Stuff/Chillenium_v8/Content/Chillenium/Assets/Wall_Sprite_0.uasset" 109
"../../../../../../Users/renia/Desktop/Unreal Engine Stuff/Chillenium_v8/Content/Chillenium/Flipbook/FB_SlimeWall.uasset" 110
"../../../../../../Users/renia/Desktop/Unreal Engine Stuff/Chillenium_v8/Content/Chillenium/Items_For_Slime_To_Absorb/SlimeWall.uasset" 111
"../../../../../../Users/renia/Desktop/Unreal Engine Stuff/Chillenium_v8/Content/Chillenium/Sprites/SLIMES_ASSETS/Blue_Slime_Sheet.uasset" 112
"../../../../../../Users/renia/Desktop/Unreal Engine Stuff/Chillenium_v8/Content/Chillenium/Character/Blue_Slime_Sheet_Sprite_5.uasset" 113
"../../../../../../Users/renia/Desktop/Unreal Engine Stuff/Chillenium_v8/Content/Chillenium/Character/Blue_Slime_Sheet_Sprite_6.uasset" 114
"../../../../../../Users/renia/Desktop/Unreal Engine Stuff/Chillenium_v8/Content/Chillenium/Character/Blue_Slime_Sheet_Sprite_7.uasset" 115
"../../../../../../Users/renia/Desktop/Unreal Engine Stuff/Chillenium_v8/Content/Chillenium/Character/Blue_Slime_Sheet_Sprite_8.uasset" 116
"../../../../../../Users/renia/Desktop/Unreal Engine Stuff/Chillenium_v8/Content/Chillenium/Character/Blue_Slime_Sheet_Sprite_9.uasset" 117
"../../../../../../Users/renia/Desktop/Unreal Engine Stuff/Chillenium_v8/Content/Chillenium/Flipbook/FB_Blueslime.uasset" 118
"../../../../../../Users/renia/Desktop/Unreal Engine Stuff/Chillenium_v8/Content/Chillenium/Sprites/SLIMES_ASSETS/Green_Slime_Sheet.uasset" 119
"../../../../../../Users/renia/Desktop/Unreal Engine Stuff/Chillenium_v8/Content/Chillenium/Character/Green_Slime_Sheet_Sprite_0.uasset" 120
"../../../../../../Users/renia/Desktop/Unreal Engine Stuff/Chillenium_v8/Content/Chillenium/Character/Green_Slime_Sheet_Sprite_1.uasset" 121
"../../../../../../Users/renia/Desktop/Unreal Engine Stuff/Chillenium_v8/Content/Chillenium/Character/Green_Slime_Sheet_Sprite_2.uasset" 122
"../../../../../../Users/renia/Desktop/Unreal Engine Stuff/Chillenium_v8/Content/Chillenium/Character/Green_Slime_Sheet_Sprite_3.uasset" 123
"../../../../../../Users/renia/Desktop/Unreal Engine Stuff/Chillenium_v8/Content/Chillenium/Character/Green_Slime_Sheet_Sprite_4.uasset" 124
"../../../../../../Users/renia/Desktop/Unreal Engine Stuff/Chillenium_v8/Content/Chillenium/Character/Green_Slime_Sheet_Sprite_5.uasset" 125
"../../../../../../Users/renia/Desktop/Unreal Engine Stuff/Chillenium_v8/Content/Chillenium/Flipbook/FB_GreenSlime.uasset" 126
"../../../../../../Users/renia/Desktop/Unreal Engine Stuff/Chillenium_v8/Content/Chillenium/Sprites/SLIMES_ASSETS/Pink_Slime_Sheet.uasset" 127
"../../../../../../Users/renia/Desktop/Unreal Engine Stuff/Chillenium_v8/Content/Chillenium/Character/Pink_Slime_Sheet_Sprite_0.uasset" 128
"../../../../../../Users/renia/Desktop/Unreal Engine Stuff/Chillenium_v8/Content/Chillenium/Character/Pink_Slime_Sheet_Sprite_1.uasset" 129
"../../../../../../Users/renia/Desktop/Unreal Engine Stuff/Chillenium_v8/Content/Chillenium/Character/Pink_Slime_Sheet_Sprite_2.uasset" 130
"../../../../../../Users/renia/Desktop/Unreal Engine Stuff/Chillenium_v8/Content/Chillenium/Character/Pink_Slime_Sheet_Sprite_3.uasset" 131
"../../../../../../Users/renia/Desktop/Unreal Engine Stuff/Chillenium_v8/Content/Chillenium/Character/Pink_Slime_Sheet_Sprite_4.uasset" 132
"../../../../../../Users/renia/Desktop/Unreal Engine Stuff/Chillenium_v8/Content/Chillenium/Character/Pink_Slime_Sheet_Sprite_5.uasset" 133
"../../../../../../Users/renia/Desktop/Unreal Engine Stuff/Chillenium_v8/Content/Chillenium/Flipbook/FB_PinkSlime.uasset" 134
"../../../../../../Users/renia/Desktop/Unreal Engine Stuff/Chillenium_v8/Content/Chillenium/Sprites/SLIMES_ASSETS/Red_Slime_Sheet.uasset" 135
"../../../../../../Users/renia/Desktop/Unreal Engine Stuff/Chillenium_v8/Content/Chillenium/Character/Red_Slime_Sheet_Sprite_0.uasset" 136
"../../../../../../Users/renia/Desktop/Unreal Engine Stuff/Chillenium_v8/Content/Chillenium/Character/Red_Slime_Sheet_Sprite_1.uasset" 137
"../../../../../../Users/renia/Desktop/Unreal Engine Stuff/Chillenium_v8/Content/Chillenium/Character/Red_Slime_Sheet_Sprite_2.uasset" 138
"../../../../../../Users/renia/Desktop/Unreal Engine Stuff/Chillenium_v8/Content/Chillenium/Character/Red_Slime_Sheet_Sprite_3.uasset" 139
"../../../../../../Users/renia/Desktop/Unreal Engine Stuff/Chillenium_v8/Content/Chillenium/Character/Red_Slime_Sheet_Sprite_4.uasset" 140
"../../../../../../Users/renia/Desktop/Unreal Engine Stuff/Chillenium_v8/Content/Chillenium/Flipbook/FB_RedSlime.uasset" 141
"../../../../../../Users/renia/Desktop/Unreal Engine Stuff/Chillenium_v8/Content/Chillenium/Sprites/Smoke_Sheet.uasset" 142
"../../../../../../Users/renia/Desktop/Unreal Engine Stuff/Chillenium_v8/Content/Chillenium/Assets/Smoke_Sheet_Sprite_0.uasset" 143
"../../../../../../Users/renia/Desktop/Unreal Engine Stuff/Chillenium_v8/Content/Chillenium/Assets/Smoke_Sheet_Sprite_1.uasset" 144
"../../../../../../Users/renia/Desktop/Unreal Engine Stuff/Chillenium_v8/Content/Chillenium/Assets/Smoke_Sheet_Sprite_10.uasset" 145
"../../../../../../Users/renia/Desktop/Unreal Engine Stuff/Chillenium_v8/Content/Chillenium/Assets/Smoke_Sheet_Sprite_11.uasset" 146
"../../../../../../Users/renia/Desktop/Unreal Engine Stuff/Chillenium_v8/Content/Chillenium/Assets/Smoke_Sheet_Sprite_2.uasset" 147
"../../../../../../Users/renia/Desktop/Unreal Engine Stuff/Chillenium_v8/Content/Chillenium/Assets/Smoke_Sheet_Sprite_3.uasset" 148
"../../../../../../Users/renia/Desktop/Unreal Engine Stuff/Chillenium_v8/Content/Chillenium/Assets/Smoke_Sheet_Sprite_4.uasset" 149
"../../../../../../Users/renia/Desktop/Unreal Engine Stuff/Chillenium_v8/Content/Chillenium/Assets/Smoke_Sheet_Sprite_5.uasset" 150
"../../../../../../Users/renia/Desktop/Unreal Engine Stuff/Chillenium_v8/Content/Chillenium/Assets/Smoke_Sheet_Sprite_6.uasset" 151
"../../../../../../Users/renia/Desktop/Unreal Engine Stuff/Chillenium_v8/Content/Chillenium/Assets/Smoke_Sheet_Sprite_7.uasset" 152
"../../../../../../Users/renia/Desktop/Unreal Engine Stuff/Chillenium_v8/Content/Chillenium/Assets/Smoke_Sheet_Sprite_8.uasset" 153
"../../../../../../Users/renia/Desktop/Unreal Engine Stuff/Chillenium_v8/Content/Chillenium/Assets/Smoke_Sheet_Sprite_9.uasset" 154
"../../../../../../Users/renia/Desktop/Unreal Engine Stuff/Chillenium_v8/Content/Chillenium/Flipbook/FB_Smoke.uasset" 155
"../../../../../../Users/renia/Desktop/Unreal Engine Stuff/Chillenium_v8/Content/Chillenium/Sprites/SLIMES_ASSETS/Yellow_Slime_Sheet.uasset" 156
"../../../../../../Users/renia/Desktop/Unreal Engine Stuff/Chillenium_v8/Content/Chillenium/Character/Yellow_Slime_Sheet_Sprite_0.uasset" 157
"../../../../../../Users/renia/Desktop/Unreal Engine Stuff/Chillenium_v8/Content/Chillenium/Character/Yellow_Slime_Sheet_Sprite_1.uasset" 158
"../../../../../../Users/renia/Desktop/Unreal Engine Stuff/Chillenium_v8/Content/Chillenium/Character/Yellow_Slime_Sheet_Sprite_2.uasset" 159
"../../../../../../Users/renia/Desktop/Unreal Engine Stuff/Chillenium_v8/Content/Chillenium/Character/Yellow_Slime_Sheet_Sprite_3.uasset" 160
"../../../../../../Users/renia/Desktop/Unreal Engine Stuff/Chillenium_v8/Content/Chillenium/Character/Yellow_Slime_Sheet_Sprite_4.uasset" 161
"../../../../../../Users/renia/Desktop/Unreal Engine Stuff/Chillenium_v8/Content/Chillenium/Character/Yellow_Slime_Sheet_Sprite_5.uasset" 162
"../../../../../../Users/renia/Desktop/Unreal Engine Stuff/Chillenium_v8/Content/Chillenium/Character/Yellow_Slime_Sheet_Sprite_6.uasset" 163
"../../../../../../Users/renia/Desktop/Unreal Engine Stuff/Chillenium_v8/Content/Chillenium/Character/Yellow_Slime_Sheet_Sprite_7.uasset" 164
"../../../../../../Users/renia/Desktop/Unreal Engine Stuff/Chillenium_v8/Content/Chillenium/Character/Yellow_Slime_Sheet_Sprite_8.uasset" 165
"../../../../../../Users/renia/Desktop/Unreal Engine Stuff/Chillenium_v8/Content/Chillenium/Character/Yellow_Slime_Sheet_Sprite_9.uasset" 166
"../../../../../../Users/renia/Desktop/Unreal Engine Stuff/Chillenium_v8/Content/Chillenium/Flipbook/FB_YellowSlime.uasset" 167
"../../../../../../Users/renia/Desktop/Unreal Engine Stuff/Chillenium_v8/Content/Chillenium/Sound/185831__lloydevans09__squeezy-squeaker.uasset" 168
"../../../../../../Users/renia/Desktop/Unreal Engine Stuff/Chillenium_v8/Content/Chillenium/Sound/188384__wubitog__slime-attack-or-movement.uasset" 169
"../../../../../../Users/renia/Desktop/Unreal Engine Stuff/Chillenium_v8/Content/Chillenium/Sound/202094__spookymodem__acid-bubbling.uasset" 170
"../../../../../../Users/renia/Desktop/Unreal Engine Stuff/Chillenium_v8/Content/Chillenium/Sound/369529__johandeecke__medium-explosion.uasset" 171
"../../../../../../Users/renia/Desktop/Unreal Engine Stuff/Chillenium_v8/Content/Chillenium/Blueprints/BP_Slime.uasset" 172
"../../../../../../Users/renia/Desktop/Unreal Engine Stuff/Chillenium_v8/Content/Chillenium/Enumerators/Levels.uasset" 173
"../../../../../../Users/renia/Desktop/Unreal Engine Stuff/Chillenium_v8/Content/Chillenium/Blueprints/BP_Win_5.uasset" 174
"../../../../../../Users/renia/Desktop/Unreal Engine Stuff/Chillenium_v8/Content/Chillenium/Character/Blue_Slime_Sheet_Sprite_0.uasset" 175
"../../../../../../Users/renia/Desktop/Unreal Engine Stuff/Chillenium_v8/Content/Chillenium/Character/Blue_Slime_Sheet_Sprite_1.uasset" 176
"../../../../../../Users/renia/Desktop/Unreal Engine Stuff/Chillenium_v8/Content/Chillenium/Character/Blue_Slime_Sheet_Sprite_2.uasset" 177
"../../../../../../Users/renia/Desktop/Unreal Engine Stuff/Chillenium_v8/Content/Chillenium/Character/Blue_Slime_Sheet_Sprite_3.uasset" 178
"../../../../../../Users/renia/Desktop/Unreal Engine Stuff/Chillenium_v8/Content/Chillenium/Character/Blue_Slime_Sheet_Sprite_4.uasset" 179
"../../../../../../Users/renia/Desktop/Unreal Engine Stuff/Chillenium_v8/Content/2dSideScroller/Textures/2DBackgroundBlockAtlas.uasset" 180
"../../../../../../Users/renia/Desktop/Unreal Engine Stuff/Chillenium_v8/Content/2DSideScroller/Sprites/Ledge.uasset" 181
"../../../../../../Users/renia/Desktop/Unreal Engine Stuff/Chillenium_v8/Content/Chillenium/Destroyable_Assets/BP_Bombable_Block.uasset" 182
"../../../../../../Users/renia/Desktop/Unreal Engine Stuff/Chillenium_v8/Content/Chillenium/Sprites/acid.uasset" 183
"../../../../../../Users/renia/Desktop/Unreal Engine Stuff/Chillenium_v8/Content/Chillenium/Sprites/acid_Sprite_0.uasset" 184
"../../../../../../Users/renia/Desktop/Unreal Engine Stuff/Chillenium_v8/Content/Chillenium/Flipbook/FB_Acid.uasset" 185
"../../../../../../Users/renia/Desktop/Unreal Engine Stuff/Chillenium_v8/Content/Chillenium/Sprites/bomb_sheet.uasset" 186
"../../../../../../Users/renia/Desktop/Unreal Engine Stuff/Chillenium_v8/Content/Chillenium/Assets/bomb_sheet_Sprite_0.uasset" 187
"../../../../../../Users/renia/Desktop/Unreal Engine Stuff/Chillenium_v8/Content/Chillenium/Assets/bomb_sheet_Sprite_1.uasset" 188
"../../../../../../Users/renia/Desktop/Unreal Engine Stuff/Chillenium_v8/Content/Chillenium/Flipbook/FB_Bomb.uasset" 189
"../../../../../../Users/renia/Desktop/Unreal Engine Stuff/Chillenium_v8/Content/Chillenium/Flipbook/FB_Wall.uasset" 190
"../../../../../../Users/renia/Desktop/Unreal Engine Stuff/Chillenium_v8/Content/Chillenium/Pictures/Bam.uasset" 191
"../../../../../../Users/renia/Desktop/Unreal Engine Stuff/Chillenium_v8/Content/Chillenium/Sound/140867__juskiddink__boing.uasset" 192
"../../../../../../Users/renia/Desktop/Unreal Engine Stuff/Chillenium_v8/Content/Chillenium/Sound/155235__zangrutz__bomb-small.uasset" 193
"../../../../../../Users/renia/Desktop/Unreal Engine Stuff/Chillenium_v8/Content/Chillenium/Sound/157539__nenadsimic__click.uasset" 194
"../../../../../../Users/renia/Desktop/Unreal Engine Stuff/Chillenium_v8/Content/Chillenium/Sound/161122__reelworldstudio__cartoon-boing.uasset" 195
"../../../../../../Users/renia/Desktop/Unreal Engine Stuff/Chillenium_v8/Content/Chillenium/Sound/172660__qubodup__boing-jump-cc-by-cfork-boing-raw-aif-7967.uasset" 196
"../../../../../../Users/renia/Desktop/Unreal Engine Stuff/Chillenium_v8/Content/Chillenium/Sound/320089__evanjones4__fun-dancetrack.uasset" 197
"../../../../../../Users/renia/Desktop/Unreal Engine Stuff/Chillenium_v8/Content/Chillenium/Sound/325998__shannonbotha__grinding-pepper.uasset" 198
"../../../../../../Users/renia/Desktop/Unreal Engine Stuff/Chillenium_v8/Content/Chillenium/Sound/353250__zuzek06__slimejump.uasset" 199
"../../../../../../Users/renia/Desktop/Unreal Engine Stuff/Chillenium_v8/Content/Chillenium/Sound/382637__kristinhamby__tomato-squish.uasset" 200
"../../../../../../Users/renia/Desktop/Unreal Engine Stuff/Chillenium_v8/Content/Chillenium/Sound/384704__stiffman__squeak-rubber-stretch.uasset" 201
"../../../../../../Users/renia/Desktop/Unreal Engine Stuff/Chillenium_v8/Content/Chillenium/Sound/389520__joe-anderson22__sizzling-sausage.uasset" 202
"../../../../../../Users/renia/Desktop/Unreal Engine Stuff/Chillenium_v8/Content/Chillenium/Sound/398808__inspectorj__bubbling-large-a.uasset" 203
"../../../../../../Users/renia/Desktop/Unreal Engine Stuff/Chillenium_v8/Content/Chillenium/Sound/411671__deoking__bloodsquish.uasset" 204
"../../../../../../Users/renia/Desktop/Unreal Engine Stuff/Chillenium_v8/Content/Chillenium/Sound/416017__centurion-of-war__ambience-84.uasset" 205
"../../../../../../Users/renia/Desktop/Unreal Engine Stuff/Chillenium_v8/Content/Chillenium/Sound/424028__timbre__live-ish-loopable-excerpt-of-suburbanwizard-s-freesound-423294.uasset" 206
"../../../../../../Users/renia/Desktop/Unreal Engine Stuff/Chillenium_v8/Content/Chillenium/Sound/79389__j1987__slide.uasset" 207
"../../../../../../Users/renia/Desktop/Unreal Engine Stuff/Chillenium_v8/Content/Chillenium/Sound/88451__davidou__boing.uasset" 208
"../../../../../../Users/renia/Desktop/Unreal Engine Stuff/Chillenium_v8/Content/Chillenium/Sprites/Acid_Sheet_Sprite_9.uasset" 209
"../../../../../../Users/renia/Desktop/Unreal Engine Stuff/Chillenium_v8/Content/Chillenium/Sprites/Bomb_Drop_Sheet_Sprite_2.uasset" 210
"../../../../../../Users/renia/Desktop/Unreal Engine Stuff/Chillenium_v8/Content/Chillenium/Sprites/Bomb_Drop_Sheet_Sprite_3.uasset" 211
"../../../../../../Users/renia/Desktop/Unreal Engine Stuff/Chillenium_v8/Content/Chillenium/Sprites/bomb_sheet_Sprite_0.uasset" 212
"../../../../../../Users/renia/Desktop/Unreal Engine Stuff/Chillenium_v8/Content/Chillenium/Sprites/bomb_sheet_Sprite_1.uasset" 213
"../../../../../../Users/renia/Desktop/Unreal Engine Stuff/Chillenium_v8/Content/Chillenium/Sprites/bomb_sheet_Sprite_10.uasset" 214
"../../../../../../Users/renia/Desktop/Unreal Engine Stuff/Chillenium_v8/Content/Chillenium/Sprites/bomb_sheet_Sprite_11.uasset" 215
"../../../../../../Users/renia/Desktop/Unreal Engine Stuff/Chillenium_v8/Content/Chillenium/Sprites/bomb_sheet_Sprite_2.uasset" 216
"../../../../../../Users/renia/Desktop/Unreal Engine Stuff/Chillenium_v8/Content/Chillenium/Sprites/bomb_sheet_Sprite_3.uasset" 217
"../../../../../../Users/renia/Desktop/Unreal Engine Stuff/Chillenium_v8/Content/Chillenium/Sprites/bomb_sheet_Sprite_4.uasset" 218
"../../../../../../Users/renia/Desktop/Unreal Engine Stuff/Chillenium_v8/Content/Chillenium/Sprites/bomb_sheet_Sprite_5.uasset" 219
"../../../../../../Users/renia/Desktop/Unreal Engine Stuff/Chillenium_v8/Content/Chillenium/Sprites/bomb_sheet_Sprite_6.uasset" 220
"../../../../../../Users/renia/Desktop/Unreal Engine Stuff/Chillenium_v8/Content/Chillenium/Sprites/bomb_sheet_Sprite_7.uasset" 221
"../../../../../../Users/renia/Desktop/Unreal Engine Stuff/Chillenium_v8/Content/Chillenium/Sprites/bomb_sheet_Sprite_8.uasset" 222
"../../../../../../Users/renia/Desktop/Unreal Engine Stuff/Chillenium_v8/Content/Chillenium/Sprites/bomb_sheet_Sprite_9.uasset" 223
"../../../../../../Users/renia/Desktop/Unreal Engine Stuff/Chillenium_v8/Content/Chillenium/Sprites/FB_Bomb_Emote.uasset" 224
"../../../../../../Users/renia/Desktop/Unreal Engine Stuff/Chillenium_v8/Content/Chillenium/Sprites/PlatformFB.uasset" 225
"../../../../../../Users/renia/Desktop/Unreal Engine Stuff/Chillenium_v8/Content/Chillenium/Sprites/Splash_Sheet.uasset" 226
"../../../../../../Users/renia/Desktop/Unreal Engine Stuff/Chillenium_v8/Content/Chillenium/Sprites/Splash_Sheet_Sprite_0.uasset" 227
"../../../../../../Users/renia/Desktop/Unreal Engine Stuff/Chillenium_v8/Content/Chillenium/Sprites/Splash_Sheet_Sprite_1.uasset" 228
"../../../../../../Users/renia/Desktop/Unreal Engine Stuff/Chillenium_v8/Content/Chillenium/Sprites/Tiles/Tile2_Spritesheet.uasset" 229
"../../../../../../Users/renia/Desktop/Unreal Engine Stuff/Chillenium_v8/Content/Chillenium/Sprites/Tiles/Tile2_Spritesheet_Sprite_0.uasset" 230
"../../../../../../Users/renia/Desktop/Unreal Engine Stuff/Chillenium_v8/Content/Chillenium/Sprites/Tiles/Tile2_Spritesheet_Sprite_2.uasset" 231
"../../../../../../Users/renia/Desktop/Unreal Engine Stuff/Chillenium_v8/Content/Chillenium/Sprites/Tiles/Tile2_Spritesheet_Sprite_3.uasset" 232
"../../../../../../Users/renia/Desktop/Unreal Engine Stuff/Chillenium_v8/Content/Chillenium/Sprites/Tiles/tiles2_Spritesheet.uasset" 233
"../../../../../../Users/renia/Desktop/Unreal Engine Stuff/Chillenium_v8/Content/Chillenium/Tileset/tiles2_Spritesheet_TileSet.uasset" 234
"../../../../../../Users/renia/Desktop/Unreal Engine Stuff/Chillenium_v8/Content/Chillenium/Tilemaps/TM_Base_Template.uasset" 235
"../../../../../../Users/renia/Desktop/Unreal Engine Stuff/Chillenium_v8/Content/Chillenium/Tilemaps/TM_Level_04.uasset" 236
"../../../../../../Users/renia/Desktop/Unreal Engine Stuff/Chillenium_v8/Content/Chillenium/Tileset/Art.uasset" 237
"../../../../../../Users/renia/Desktop/Unreal Engine Stuff/Chillenium_v8/Content/Chillenium/Tileset/Art_TileSet.uasset" 238
"../../../../../../Users/renia/Desktop/Unreal Engine Stuff/Chillenium_v8/Content/Chillenium/Tileset/Art_TileMap.uasset" 239
"../../../../../../Users/renia/Desktop/Unreal Engine Stuff/Chillenium_v8/Content/Chillenium/Tileset/Background.uasset" 240
"../../../../../../Users/renia/Desktop/Unreal Engine Stuff/Chillenium_v8/Content/Chillenium/Tileset/Background_Mat.uasset" 241
"../../../Engine/Content/Functions/Engine_MaterialFunctions01/Opacity/CameraDepthFade.uasset" 242
"../../../Engine/Content/EngineMaterials/T_Default_Material_Grid_M.uasset" 243
"../../../Engine/Content/EngineMaterials/T_Default_Material_Grid_N.uasset" 244
"../../../Engine/Content/EngineMaterials/WorldGridMaterial.uasset" 245
"../../../Engine/Content/BasicShapes/Cube.uasset" 246
"../../../../../../Users/renia/Desktop/Unreal Engine Stuff/Chillenium_v8/Content/Chillenium/Tileset/B_Back.uasset" 247
"../../../Engine/Content/BasicShapes/BasicShapeMaterial.uasset" 248
"../../../../../../Users/renia/Desktop/Unreal Engine Stuff/Chillenium_v8/Content/Chillenium/Tileset/NewBlueprint.uasset" 249
"../../../../../../Users/renia/Desktop/Unreal Engine Stuff/Chillenium_v8/Content/Chillenium/UI/UI_NextLevel.uasset" 250
"../../../../../../Users/renia/Desktop/Unreal Engine Stuff/Chillenium_v8/Content/StarterContent/Materials/M_Basic_Wall.uasset" 251
"../../../../../../Users/renia/Desktop/Unreal Engine Stuff/Chillenium_v8/Content/StarterContent/Architecture/Pillar_50x500.uasset" 252
"../../../../../../Users/renia/Desktop/Unreal Engine Stuff/Chillenium_v8/Content/StarterContent/Architecture/Wall_400x300.uasset" 253
"../../../../../../Users/renia/Desktop/Unreal Engine Stuff/Chillenium_v8/Content/StarterContent/Architecture/Wall_400x400.uasset" 254
"../../../../../../Users/renia/Desktop/Unreal Engine Stuff/Chillenium_v8/Content/StarterContent/Architecture/Wall_500x500.uasset" 255
"../../../../../../Users/renia/Desktop/Unreal Engine Stuff/Chillenium_v8/Content/StarterContent/Architecture/Wall_Door_400x400.uasset" 256
"../../../../../../Users/renia/Desktop/Unreal Engine Stuff/Chillenium_v8/Content/StarterContent/Architecture/Wall_Window_400x400.uasset" 257
"../../../../../../Users/renia/Desktop/Unreal Engine Stuff/Chillenium_v8/Content/StarterContent/Audio/Collapse01.uasset" 258
"../../../../../../Users/renia/Desktop/Unreal Engine Stuff/Chillenium_v8/Content/StarterContent/Audio/Collapse02.uasset" 259
"../../../../../../Users/renia/Desktop/Unreal Engine Stuff/Chillenium_v8/Content/StarterContent/Audio/Explosion01.uasset" 260
"../../../../../../Users/renia/Desktop/Unreal Engine Stuff/Chillenium_v8/Content/StarterContent/Audio/Explosion02.uasset" 261
"../../../../../../Users/renia/Desktop/Unreal Engine Stuff/Chillenium_v8/Content/StarterContent/Audio/Fire01.uasset" 262
"../../../../../../Users/renia/Desktop/Unreal Engine Stuff/Chillenium_v8/Content/StarterContent/Audio/Fire_Sparks01.uasset" 263
"../../../../../../Users/renia/Desktop/Unreal Engine Stuff/Chillenium_v8/Content/StarterContent/Audio/Light01.uasset" 264
"../../../../../../Users/renia/Desktop/Unreal Engine Stuff/Chillenium_v8/Content/StarterContent/Audio/Light01_Cue.uasset" 265
"../../../../../../Users/renia/Desktop/Unreal Engine Stuff/Chillenium_v8/Content/StarterContent/Audio/Light02.uasset" 266
"../../../../../../Users/renia/Desktop/Unreal Engine Stuff/Chillenium_v8/Content/StarterContent/Audio/Light02_Cue.uasset" 267
"../../../../../../Users/renia/Desktop/Unreal Engine Stuff/Chillenium_v8/Content/StarterContent/Audio/Smoke01.uasset" 268
"../../../../../../Users/renia/Desktop/Unreal Engine Stuff/Chillenium_v8/Content/StarterContent/Audio/Starter_Birds01.uasset" 269
"../../../../../../Users/renia/Desktop/Unreal Engine Stuff/Chillenium_v8/Content/StarterContent/Audio/Starter_Music01.uasset" 270
"../../../../../../Users/renia/Desktop/Unreal Engine Stuff/Chillenium_v8/Content/StarterContent/Audio/Starter_Wind05.uasset" 271
"../../../../../../Users/renia/Desktop/Unreal Engine Stuff/Chillenium_v8/Content/StarterContent/Audio/Starter_Wind06.uasset" 272
"../../../../../../Users/renia/Desktop/Unreal Engine Stuff/Chillenium_v8/Content/StarterContent/Audio/Steam01.uasset" 273
"../../../../../../Users/renia/Desktop/Unreal Engine Stuff/Chillenium_v8/Content/StarterContent/Audio/Explosion_Cue.uasset" 274
"../../../../../../Users/renia/Desktop/Unreal Engine Stuff/Chillenium_v8/Content/StarterContent/Textures/T_Burst_M.uasset" 275
"../../../../../../Users/renia/Desktop/Unreal Engine Stuff/Chillenium_v8/Content/StarterContent/Particles/Materials/M_Burst.uasset" 276
"../../../../../../Users/renia/Desktop/Unreal Engine Stuff/Chillenium_v8/Content/StarterContent/Textures/T_Explosion_SubUV.uasset" 277
"../../../../../../Users/renia/Desktop/Unreal Engine Stuff/Chillenium_v8/Content/StarterContent/Particles/Materials/M_explosion_subUV.uasset" 278
"../../../../../../Users/renia/Desktop/Unreal Engine Stuff/Chillenium_v8/Content/StarterContent/Particles/Materials/m_flare_01.uasset" 279
"../../../Engine/Content/Functions/Engine_MaterialFunctions01/Gradient/RadialGradient.uasset" 280
"../../../../../../Users/renia/Desktop/Unreal Engine Stuff/Chillenium_v8/Content/StarterContent/Particles/Materials/M_radial_ramp.uasset" 281
"../../../../../../Users/renia/Desktop/Unreal Engine Stuff/Chillenium_v8/Content/StarterContent/Textures/T_Smoke_SubUV.uasset" 282
"../../../../../../Users/renia/Desktop/Unreal Engine Stuff/Chillenium_v8/Content/StarterContent/Textures/T_Smoke_Tiled_D.uasset" 283
"../../../../../../Users/renia/Desktop/Unreal Engine Stuff/Chillenium_v8/Content/StarterContent/Particles/Materials/M_smoke_subUV.uasset" 284
"../../../../../../Users/renia/Desktop/Unreal Engine Stuff/Chillenium_v8/Content/StarterContent/Particles/P_Explosion.uasset" 285
"../../../../../../Users/renia/Desktop/Unreal Engine Stuff/Chillenium_v8/Content/StarterContent/Blueprints/Blueprint_Effect_Explosion.uasset" 286
"../../../Engine/Content/EditorMeshes/ColorCalibrator/T_ColorGrid.uasset" 287
"../../../../../../Users/renia/Desktop/Unreal Engine Stuff/Chillenium_v8/Content/StarterContent/Materials/M_ColorGrid_LowSpec.uasset" 288
"../../../../../../Users/renia/Desktop/Unreal Engine Stuff/Chillenium_v8/Content/StarterContent/Textures/T_Bush_D.uasset" 289
"../../../../../../Users/renia/Desktop/Unreal Engine Stuff/Chillenium_v8/Content/StarterContent/Textures/T_Bush_N.uasset" 290
"../../../../../../Users/renia/Desktop/Unreal Engine Stuff/Chillenium_v8/Content/StarterContent/Props/Materials/M_Bush.uasset" 291
"../../../../../../Users/renia/Desktop/Unreal Engine Stuff/Chillenium_v8/Content/StarterContent/Props/SM_Bush.uasset" 292
"../../../../../../Users/renia/Desktop/Unreal Engine Stuff/Chillenium_v8/Content/StarterContent/Textures/T_Chair_M.uasset" 293
"../../../../../../Users/renia/Desktop/Unreal Engine Stuff/Chillenium_v8/Content/StarterContent/Textures/T_Chair_N.uasset" 294
"../../../../../../Users/renia/Desktop/Unreal Engine Stuff/Chillenium_v8/Content/StarterContent/Props/Materials/M_Chair.uasset" 295
"../../../../../../Users/renia/Desktop/Unreal Engine Stuff/Chillenium_v8/Content/StarterContent/Props/SM_Couch.uasset" 296
"../../../../../../Users/renia/Desktop/Unreal Engine Stuff/Chillenium_v8/Content/StarterContent/Materials/M_Glass.uasset" 297
"../../../../../../Users/renia/Desktop/Unreal Engine Stuff/Chillenium_v8/Content/StarterContent/Textures/T_Door_M.uasset" 298
"../../../../../../Users/renia/Desktop/Unreal Engine Stuff/Chillenium_v8/Content/StarterContent/Textures/T_Door_N.uasset" 299
"../../../../../../Users/renia/Desktop/Unreal Engine Stuff/Chillenium_v8/Content/StarterContent/Props/Materials/M_Door.uasset" 300
"../../../../../../Users/renia/Desktop/Unreal Engine Stuff/Chillenium_v8/Content/StarterContent/Props/SM_Door.uasset" 301
"../../../../../../Users/renia/Desktop/Unreal Engine Stuff/Chillenium_v8/Content/StarterContent/Props/Materials/M_MaterialSphere.uasset" 302
"../../../../../../Users/renia/Desktop/Unreal Engine Stuff/Chillenium_v8/Content/StarterContent/Props/Materials/M_MaterialSphere_Plain.uasset" 303
"../../../../../../Users/renia/Desktop/Unreal Engine Stuff/Chillenium_v8/Content/StarterContent/Props/SM_MatPreviewMesh_02.uasset" 304
"../../../Engine/Content/Functions/Engine_MaterialFunctions02/Utility/BlendAngleCorrectedNormals.uasset" 305
"../../../../../../Users/renia/Desktop/Unreal Engine Stuff/Chillenium_v8/Content/StarterContent/Textures/T_Detail_Rocky_N.uasset" 306
"../../../../../../Users/renia/Desktop/Unreal Engine Stuff/Chillenium_v8/Content/StarterContent/Textures/T_Rock_Basalt_D.uasset" 307
"../../../../../../Users/renia/Desktop/Unreal Engine Stuff/Chillenium_v8/Content/StarterContent/Textures/T_RockMesh_M.uasset" 308
"../../../../../../Users/renia/Desktop/Unreal Engine Stuff/Chillenium_v8/Content/StarterContent/Textures/T_RockMesh_N.uasset" 309
"../../../../../../Users/renia/Desktop/Unreal Engine Stuff/Chillenium_v8/Content/StarterContent/Props/Materials/M_Rock.uasset" 310
"../../../../../../Users/renia/Desktop/Unreal Engine Stuff/Chillenium_v8/Content/StarterContent/Props/SM_Rock.uasset" 311
"../../../../../../Users/renia/Desktop/Unreal Engine Stuff/Chillenium_v8/Content/StarterContent/Textures/T_Shelf_M.uasset" 312
"../../../../../../Users/renia/Desktop/Unreal Engine Stuff/Chillenium_v8/Content/StarterContent/Textures/T_Shelf_N.uasset" 313
"../../../../../../Users/renia/Desktop/Unreal Engine Stuff/Chillenium_v8/Content/StarterContent/Props/Materials/M_Shelf.uasset" 314
"../../../../../../Users/renia/Desktop/Unreal Engine Stuff/Chillenium_v8/Content/StarterContent/Props/SM_Shelf.uasset" 315
"../../../../../../Users/renia/Desktop/Unreal Engine Stuff/Chillenium_v8/Content/StarterContent/Materials/M_Basic_Floor.uasset" 316
"../../../../../../Users/renia/Desktop/Unreal Engine Stuff/Chillenium_v8/Content/StarterContent/Props/SM_Stairs.uasset" 317
"../../../../../../Users/renia/Desktop/Unreal Engine Stuff/Chillenium_v8/Content/StarterContent/Shapes/Shape_Cone.uasset" 318
"../../../../../../Users/renia/Desktop/Unreal Engine Stuff/Chillenium_v8/Content/StarterContent/Shapes/Shape_Cylinder.uasset" 319
"../../../../../../Users/renia/Desktop/Unreal Engine Stuff/Chillenium_v8/Content/StarterContent/Shapes/Shape_NarrowCapsule.uasset" 320
"../../../../../../Users/renia/Desktop/Unreal Engine Stuff/Chillenium_v8/Content/StarterContent/Shapes/Shape_Pipe.uasset" 321
"../../../../../../Users/renia/Desktop/Unreal Engine Stuff/Chillenium_v8/Content/StarterContent/Shapes/Shape_Pipe_180.uasset" 322
"../../../../../../Users/renia/Desktop/Unreal Engine Stuff/Chillenium_v8/Content/StarterContent/Shapes/Shape_Pipe_90.uasset" 323
"../../../../../../Users/renia/Desktop/Unreal Engine Stuff/Chillenium_v8/Content/StarterContent/Shapes/Shape_Plane.uasset" 324
"../../../../../../Users/renia/Desktop/Unreal Engine Stuff/Chillenium_v8/Content/StarterContent/Shapes/Shape_Torus.uasset" 325
"../../../../../../Users/renia/Desktop/Unreal Engine Stuff/Chillenium_v8/Content/StarterContent/Shapes/Shape_Trim.uasset" 326
"../../../../../../Users/renia/Desktop/Unreal Engine Stuff/Chillenium_v8/Content/StarterContent/Shapes/Shape_Trim_90_In.uasset" 327
"../../../../../../Users/renia/Desktop/Unreal Engine Stuff/Chillenium_v8/Content/StarterContent/Shapes/Shape_Trim_90_Out.uasset" 328
"../../../../../../Users/renia/Desktop/Unreal Engine Stuff/Chillenium_v8/Content/StarterContent/Shapes/Shape_TriPyramid.uasset" 329
"../../../../../../Users/renia/Desktop/Unreal Engine Stuff/Chillenium_v8/Content/StarterContent/Shapes/Shape_Tube.uasset" 330
"../../../../../../Users/renia/Desktop/Unreal Engine Stuff/Chillenium_v8/Content/StarterContent/Shapes/Shape_Wedge_A.uasset" 331
"../../../../../../Users/renia/Desktop/Unreal Engine Stuff/Chillenium_v8/Content/StarterContent/Shapes/Shape_Wedge_B.uasset" 332
"../../../../../../Users/renia/Desktop/Unreal Engine Stuff/Chillenium_v8/Content/StarterContent/Shapes/Shape_WideCapsule.uasset" 333
"../../../Engine/Content/ArtTools/RenderToTexture/Meshes/S_1_Unit_Plane.uasset" 334
"../../../Engine/Content/EngineMaterials/DefaultMaterial.uasset" 335
"../../../Engine/Content/BasicShapes/Cone.uasset" 336
"../../../Engine/Content/BasicShapes/Cylinder.uasset" 337
"../../../Engine/Content/BasicShapes/Sphere.uasset" 338
"../../../Engine/Content/EditorLandscapeResources/DataLayer.uasset" 339
"../../../Engine/Content/EditorMaterials/GizmoMaterial.uasset" 340
"../../../Engine/Content/EditorMaterials/MAT_Groups_Toggle.uasset" 341
"../../../Engine/Content/EditorMaterials/MAT_Groups_Visibility.uasset" 342
"../../../Engine/Content/EditorMaterials/PreviewShadowIndicator.uasset" 343
"../../../Engine/Content/EditorMaterials/PreviewShadowIndicatorMaterial.uasset" 344
"../../../Engine/Content/EditorMaterials/MatineeGroups/MAT_ColorTrack.uasset" 345
"../../../Engine/Content/EditorMaterials/MatineeGroups/MAT_Groups_Anim.uasset" 346
"../../../Engine/Content/EditorMaterials/MatineeGroups/MAT_Groups_AudioMaster.uasset" 347
"../../../Engine/Content/EditorMaterials/MatineeGroups/MAT_Groups_Director.uasset" 348
"../../../Engine/Content/EditorMaterials/MatineeGroups/MAT_Groups_Event.uasset" 349
"../../../Engine/Content/EditorMaterials/MatineeGroups/MAT_Groups_Fade.uasset" 350
"../../../Engine/Content/EditorMaterials/MatineeGroups/MAT_Groups_Float.uasset" 351
"../../../Engine/Content/EditorMaterials/MatineeGroups/MAT_Groups_Move.uasset" 352
"../../../Engine/Content/EditorMaterials/MatineeGroups/MAT_Groups_Slomo.uasset" 353
"../../../Engine/Content/EditorMaterials/MatineeGroups/MAT_Groups_Sound.uasset" 354
"../../../Engine/Content/EditorMaterials/MatineeGroups/MAT_Groups_Vector.uasset" 355
"../../../Engine/Content/EditorMaterials/ParticleSystems/PSysThumbnail_NoImage.uasset" 356
"../../../Engine/Content/EditorMaterials/ParticleSystems/PSysThumbnail_OOD.uasset" 357
"../../../Engine/Content/EditorMaterials/Camera/CineMat.uasset" 358
"../../../Engine/Content/EditorMaterials/Camera/MI_CineMat_Rig.uasset" 359
"../../../Engine/Content/EditorMeshes/Camera/SM_CraneRig_Arm.uasset" 360
"../../../Engine/Content/EditorMeshes/Camera/SM_CraneRig_Base.uasset" 361
"../../../Engine/Content/EditorMeshes/Camera/SM_CraneRig_Body.uasset" 362
"../../../Engine/Content/EditorMeshes/Camera/SM_CraneRig_Mount.uasset" 363
"../../../Engine/Content/EditorMeshes/Camera/SM_RailRig_Mount.uasset" 364
"../../../Engine/Content/EditorMeshes/Camera/SM_RailRig_Track.uasset" 365
"../../../Engine/Content/EditorResources/BSPVertex.uasset" 366
"../../../Engine/Content/EditorResources/EmptyActor.uasset" 367
"../../../Engine/Content/EditorResources/S_Actor.uasset" 368
"../../../Engine/Content/EditorResources/S_Trigger.uasset" 369
"../../../Engine/Content/EditorResources/AudioIcons/S_AudioComponent.uasset" 370
"../../../Engine/Content/EditorResources/AudioIcons/S_AudioComponent_AutoActivate.uasset" 371
"../../../Engine/Content/EditorResources/LightIcons/S_LightError.uasset" 372
"../../../Engine/Content/EditorResources/SequenceRecorder/Countdown.uasset" 373
"../../../Engine/Content/EditorResources/SequenceRecorder/RecordingIndicator.uasset" 374
"../../../Engine/Content/EditorSounds/Notifications/CompileFailed.uasset" 375
"../../../Engine/Content/EditorSounds/Notifications/CompileFailed_Cue.uasset" 376
"../../../Engine/Content/EditorSounds/Notifications/CompileSuccess.uasset" 377
"../../../Engine/Content/EditorSounds/Notifications/CompileStart_Cue.uasset" 378
"../../../Engine/Content/EditorSounds/Notifications/CompileSuccess_Cue.uasset" 379
"../../../Engine/Content/EngineDamageTypes/DmgTypeBP_Environmental.uasset" 380
"../../../Engine/Content/EngineDebugMaterials/HeatmapGradient.uasset" 381
"../../../Engine/Content/EngineDebugMaterials/BoneWeightMaterial.uasset" 382
"../../../Engine/Content/EngineDebugMaterials/ClothMaterial.uasset" 383
"../../../Engine/Content/EngineDebugMaterials/ClothMaterial_WF.uasset" 384
"../../../Engine/Content/EngineDebugMaterials/DebugEditorMaterial.uasset" 385
"../../../Engine/Content/EngineDebugMaterials/DebugMeshMaterial.uasset" 386
"../../../Engine/Content/EngineDebugMaterials/GeomMaterial.uasset" 387
"../../../Engine/Content/EngineDebugMaterials/M_SimpleTranslucent.uasset" 388
"../../../Engine/Content/EngineFonts/Faces/RobotoBold.uasset" 389
"../../../Engine/Content/EngineFonts/Faces/RobotoBoldItalic.uasset" 390
"../../../Engine/Content/EngineFonts/Faces/RobotoItalic.uasset" 391
"../../../Engine/Content/EngineFonts/Faces/RobotoLight.uasset" 392
"../../../Engine/Content/EngineFonts/Faces/RobotoRegular.uasset" 393
"../../../Engine/Content/EngineFonts/Roboto.uasset" 394
"../../../Engine/Content/EngineFonts/Faces/RobotoTiny.uasset" 395
"../../../Engine/Content/EngineFonts/RobotoTiny.uasset" 396
"../../../Engine/Content/EngineMaterials/BaseFlattenDiffuseMap.uasset" 397
"../../../Engine/Content/EngineMaterials/BaseFlattenEmissiveMap.uasset" 398
"../../../Engine/Content/EngineMaterials/BaseFlattenGrayscaleMap.uasset" 399
"../../../Engine/Content/EngineMaterials/BaseFlattenNormalMap.uasset" 400
"../../../Engine/Content/EngineMaterials/BaseFlattenMaterial.uasset" 401
"../../../Engine/Content/EngineMaterials/DefaultBloomKernel.uasset" 402
"../../../Engine/Content/EngineMaterials/DefaultBokeh.uasset" 403
"../../../Engine/Content/EngineMaterials/DefaultDiffuse.uasset" 404
"../../../Engine/Content/EngineMaterials/DefaultDeferredDecalMaterial.uasset" 405
"../../../Engine/Content/EngineMaterials/DefaultLightFunctionMaterial.uasset" 406
"../../../Engine/Content/EngineMaterials/DefaultPhysicalMaterial.uasset" 407
"../../../Engine/Content/Functions/Engine_MaterialFunctions02/Utility/BreakOutFloat2Components.uasset" 408
"../../../Engine/Content/EngineMaterials/DefaultPostProcessMaterial.uasset" 409
"../../../Engine/Content/EngineFonts/RobotoDistanceField.uasset" 410
"../../../Engine/Content/EngineMaterials/DefaultTextMaterialOpaque.uasset" 411
"../../../Engine/Content/EngineMaterials/DefaultWhiteGrid.uasset" 412
"../../../Engine/Content/EngineMaterials/EditorBrushMaterial.uasset" 413
"../../../Engine/Content/EngineMaterials/Good64x64TilingNoiseHighFreq.uasset" 414
"../../../Engine/Content/EngineMaterials/MiniFont.uasset" 415
"../../../Engine/Content/EngineMaterials/InvalidLightmapSettings.uasset" 416
"../../../Engine/Content/EngineMaterials/M_InvalidLightmapSettings.uasset" 417
"../../../Engine/Content/Functions/Engine_MaterialFunctions02/WorldPositionOffset/CameraOffset.uasset" 418
"../../../Engine/Content/EngineMaterials/PhAT_JointLimitMaterial.uasset" 419
"../../../Engine/Content/EngineMaterials/PreintegratedSkinBRDF.uasset" 420
"../../../Engine/Content/EngineMaterials/RemoveSurfaceMaterial.uasset" 421
"../../../Engine/Content/EngineMaterials/WeightMapPlaceholderTexture.uasset" 422
"../../../Engine/Content/EngineResources/WhiteSquareTexture.uasset" 423
"../../../Engine/Content/EngineMaterials/Widget3DPassThrough.uasset" 424
"../../../Engine/Content/EngineMaterials/Widget3DPassThrough_Masked.uasset" 425
"../../../Engine/Content/EngineMaterials/Widget3DPassThrough_Opaque.uasset" 426
"../../../Engine/Content/EngineMaterials/Widget3DPassThrough_Masked_OneSided.uasset" 427
"../../../Engine/Content/EngineMaterials/Widget3DPassThrough_Opaque_OneSided.uasset" 428
"../../../Engine/Content/EngineMaterials/Widget3DPassThrough_Translucent.uasset" 429
"../../../Engine/Content/EngineMaterials/Widget3DPassThrough_Translucent_OneSided.uasset" 430
"../../../Engine/Content/EngineMeshes/Cylinder.uasset" 431
"../../../Engine/Content/EngineMeshes/Sphere.uasset" 432
"../../../Engine/Content/EngineResources/Black.uasset" 433
"../../../Engine/Content/EngineResources/DefaultTexture.uasset" 434
"../../../Engine/Content/EngineResources/DefaultTextureCube.uasset" 435
"../../../Engine/Content/EngineResources/DefaultVolumeTexture2D.uasset" 436
"../../../Engine/Content/EngineResources/DefaultVolumeTexture.uasset" 437
"../../../Engine/Content/EngineResources/GradientTexture0.uasset" 438
"../../../Engine/Content/EngineSounds/Master.uasset" 439
"../../../Engine/Content/Functions/Engine_MaterialFunctions01/Shading/ConvertFromDiffSpec.uasset" 440
"../../../Engine/Content/Functions/Engine_MaterialFunctions01/Shading/PowerToRoughness.uasset" 441
"../../../Engine/Content/Maps/Templates/Thumbnails/Default.uasset" 442
"../../../Engine/Content/Maps/Templates/Thumbnails/VR-Basic.uasset" 443
"../../../Engine/Content/MobileResources/T_MobileControls_texture.uasset" 444
"../../../Engine/Content/MobileResources/T_MobileMenu2.uasset" 445
"../../../Engine/Content/MobileResources/HUD/AnalogHat.uasset" 446
"../../../Engine/Content/MobileResources/HUD/VirtualJoystick_Background.uasset" 447
"../../../Engine/Content/MobileResources/HUD/VirtualJoystick_Thumb.uasset" 448
"../../../Engine/Content/MobileResources/HUD/DefaultVirtualJoysticks.uasset" 449
"../../../Engine/Content/MobileResources/HUD/LeftVirtualJoystickOnly.uasset" 450
"../../../Engine/Content/MobileResources/HUD/MobileHUDButton1_off.uasset" 451
"../../../Engine/Content/MobileResources/HUD/MobileHUDButton1_on.uasset" 452
"../../../Engine/Content/MobileResources/HUD/MobileHUDButton2_off.uasset" 453
"../../../Engine/Content/MobileResources/HUD/MobileHUDButton2_on.uasset" 454
"../../../Engine/Content/MobileResources/HUD/MobileHUDButton3.uasset" 455
"../../../Engine/Content/MobileResources/HUD/MobileHUDButtonFire.uasset" 456
"../../../Engine/Content/MobileResources/HUD/MobileHUDDirectionPad.uasset" 457
"../../../Engine/Content/MobileResources/HUD/MobileHUDDirectionPad2.uasset" 458
"../../../Engine/Content/MobileResources/HUD/MobileHUDDirectionPad3.uasset" 459
"../../../Engine/Content/MobileResources/HUD/MobileHUDDirectionStick.uasset" 460
"../../../Engine/Content/MobileResources/HUD/T_Castle_ThumbstickInner.uasset" 461
"../../../Engine/Content/MobileResources/HUD/T_Castle_ThumbstickOutter.uasset" 462
"../../../Engine/Content/Tutorial/ContentIntroCurve.uasset" 463
"../../../Engine/Content/VREditor/LaserPointer/VR_LaserPower_01.uasset" 464
"../../../Engine/Content/VREditor/TransformGizmo/TransformGizmoMaterial.uasset" 465
"../../../Engine/Content/VREditor/TransformGizmo/TranslucentTransformGizmoMaterial.uasset" 466
"../../../Engine/Content/VREditor/TransformGizmo/BoundingBoxCorner.uasset" 467
"../../../Engine/Content/VREditor/TransformGizmo/BoundingBoxEdge.uasset" 468
"../../../Engine/Content/VREditor/TransformGizmo/PlaneTranslationHandle.uasset" 469
"../../../Engine/Content/VREditor/TransformGizmo/Main.uasset" 470
"../../../Engine/Content/VREditor/TransformGizmo/Xray.uasset" 471
"../../../Engine/Content/VREditor/TransformGizmo/SM_Sequencer_Key.uasset" 472
"../../../Engine/Content/VREditor/TransformGizmo/SM_Sequencer_Node.uasset" 473
"../../Plugins/2D/Paper2D/Content/PlaceholderTextures/DummySpriteTexture.uasset" 474
"../../Plugins/2D/Paper2D/Content/DummySprite.uasset" 475
"../../Plugins/2D/Paper2D/Content/DefaultPaperTerrainMaterial.uasset" 476
"../../Plugins/2D/Paper2D/Content/DefaultSpriteMaterial.uasset" 477
"../../Plugins/2D/Paper2D/Content/MaskedUnlitSpriteMaterial.uasset" 478
"../../Plugins/Runtime/Oculus/OculusVR/Content/Materials/PokeAHoleMaterial.uasset" 479
"../../Plugins/Runtime/Oculus/OculusVR/Content/Textures/GearVRController_AO.uasset" 480
"../../Plugins/Runtime/Oculus/OculusVR/Content/Textures/GearVRController_Color.uasset" 481
"../../Plugins/Runtime/Oculus/OculusVR/Content/Textures/GearVRController_Normal.uasset" 482
"../../Plugins/Runtime/Oculus/OculusVR/Content/Materials/GearVRControllerMaterial.uasset" 483
"../../Plugins/Runtime/Oculus/OculusVR/Content/Meshes/GearVrController.uasset" 484
"../../Plugins/Runtime/Oculus/OculusVR/Content/Textures/touchController_albedo.uasset" 485
"../../Plugins/Runtime/Oculus/OculusVR/Content/Textures/touchController_controlmap.uasset" 486
"../../Plugins/Runtime/Oculus/OculusVR/Content/Materials/touchController_mat.uasset" 487
"../../Plugins/Runtime/Oculus/OculusVR/Content/Meshes/LeftTouchController.uasset" 488
"../../Plugins/Runtime/Oculus/OculusVR/Content/Meshes/RiftHMD.uasset" 489
"../../Plugins/Runtime/Oculus/OculusVR/Content/Meshes/RightTouchController.uasset" 490
"../../../../../../Users/renia/Desktop/Unreal Engine Stuff/Chillenium_v8/Content/2dSideScroller/Textures/2DCharacter_IdleAnimAtlas.uasset" 491
"../../../../../../Users/renia/Desktop/Unreal Engine Stuff/Chillenium_v8/Content/2dSideScroller/Sprites/IdleFrames/IdleCycle1.uasset" 492
"../../../../../../Users/renia/Desktop/Unreal Engine Stuff/Chillenium_v8/Content/2dSideScroller/Sprites/IdleFrames/IdleCycle2.uasset" 493
"../../../../../../Users/renia/Desktop/Unreal Engine Stuff/Chillenium_v8/Content/2dSideScroller/Sprites/IdleFrames/IdleCycle3.uasset" 494
"../../../../../../Users/renia/Desktop/Unreal Engine Stuff/Chillenium_v8/Content/2dSideScroller/Sprites/IdleFrames/IdleCycle4.uasset" 495
"../../../../../../Users/renia/Desktop/Unreal Engine Stuff/Chillenium_v8/Content/2dSideScroller/Sprites/IdleFrames/IdleCycle5.uasset" 496
"../../../../../../Users/renia/Desktop/Unreal Engine Stuff/Chillenium_v8/Content/2dSideScroller/Sprites/IdleFrames/IdleCycle6.uasset" 497
"../../../../../../Users/renia/Desktop/Unreal Engine Stuff/Chillenium_v8/Content/2dSideScroller/Sprites/IdleFrames/IdleCycle7.uasset" 498
"../../../../../../Users/renia/Desktop/Unreal Engine Stuff/Chillenium_v8/Content/2dSideScroller/Sprites/IdleFrames/IdleCycle8.uasset" 499
"../../../../../../Users/renia/Desktop/Unreal Engine Stuff/Chillenium_v8/Content/2DSideScroller/Sprites/IdleAnimation.uasset" 500
"../../../../../../Users/renia/Desktop/Unreal Engine Stuff/Chillenium_v8/Content/2dSideScroller/Textures/2DCharacter_RunAnimAtlas.uasset" 501
"../../../../../../Users/renia/Desktop/Unreal Engine Stuff/Chillenium_v8/Content/2dSideScroller/Sprites/RunFrames/RunCycle_1.uasset" 502
"../../../../../../Users/renia/Desktop/Unreal Engine Stuff/Chillenium_v8/Content/2dSideScroller/Sprites/RunFrames/RunCycle_10.uasset" 503
"../../../../../../Users/renia/Desktop/Unreal Engine Stuff/Chillenium_v8/Content/2dSideScroller/Sprites/RunFrames/RunCycle_11.uasset" 504
"../../../../../../Users/renia/Desktop/Unreal Engine Stuff/Chillenium_v8/Content/2dSideScroller/Sprites/RunFrames/RunCycle_12.uasset" 505
"../../../../../../Users/renia/Desktop/Unreal Engine Stuff/Chillenium_v8/Content/2dSideScroller/Sprites/RunFrames/RunCycle_13.uasset" 506
"../../../../../../Users/renia/Desktop/Unreal Engine Stuff/Chillenium_v8/Content/2dSideScroller/Sprites/RunFrames/RunCycle_14.uasset" 507
"../../../../../../Users/renia/Desktop/Unreal Engine Stuff/Chillenium_v8/Content/2dSideScroller/Sprites/RunFrames/RunCycle_15.uasset" 508
"../../../../../../Users/renia/Desktop/Unreal Engine Stuff/Chillenium_v8/Content/2dSideScroller/Sprites/RunFrames/RunCycle_16.uasset" 509
"../../../../../../Users/renia/Desktop/Unreal Engine Stuff/Chillenium_v8/Content/2dSideScroller/Sprites/RunFrames/RunCycle_2.uasset" 510
"../../../../../../Users/renia/Desktop/Unreal Engine Stuff/Chillenium_v8/Content/2dSideScroller/Sprites/RunFrames/RunCycle_3.uasset" 511
"../../../../../../Users/renia/Desktop/Unreal Engine Stuff/Chillenium_v8/Content/2dSideScroller/Sprites/RunFrames/RunCycle_4.uasset" 512
"../../../../../../Users/renia/Desktop/Unreal Engine Stuff/Chillenium_v8/Content/2dSideScroller/Sprites/RunFrames/RunCycle_5.uasset" 513
"../../../../../../Users/renia/Desktop/Unreal Engine Stuff/Chillenium_v8/Content/2dSideScroller/Sprites/RunFrames/RunCycle_6.uasset" 514
"../../../../../../Users/renia/Desktop/Unreal Engine Stuff/Chillenium_v8/Content/2dSideScroller/Sprites/RunFrames/RunCycle_7.uasset" 515
"../../../../../../Users/renia/Desktop/Unreal Engine Stuff/Chillenium_v8/Content/2dSideScroller/Sprites/RunFrames/RunCycle_8.uasset" 516
"../../../../../../Users/renia/Desktop/Unreal Engine Stuff/Chillenium_v8/Content/2dSideScroller/Sprites/RunFrames/RunCycle_9.uasset" 517
"../../../../../../Users/renia/Desktop/Unreal Engine Stuff/Chillenium_v8/Content/2DSideScroller/Sprites/RunningAnimation.uasset" 518
"../../../../../../Users/renia/Desktop/Unreal Engine Stuff/Chillenium_v8/Content/2DSideScrollerBP/Blueprints/2DSideScrollerCharacter.uasset" 519
"../../../../../../Users/renia/Desktop/Unreal Engine Stuff/Chillenium_v8/Content/Chillenium/Blueprints/BP_Spectate_Camera.uasset" 520
"../../../../../../Users/renia/Desktop/Unreal Engine Stuff/Chillenium_v8/Content/2DSideScrollerBP/Blueprints/2DSideScrollerGameMode.uasset" 521
"../../../../../../Users/renia/Desktop/Unreal Engine Stuff/Chillenium_v8/Content/2DSideScrollerBP/Maps/2DSideScrollerExampleMap_BuiltData.uasset" 522
"../../../Engine/Content/MapTemplates/Bokeh_5Sides.uasset" 523
"../../../Engine/Content/MapTemplates/T_ScreenDirt02_w.uasset" 524
"../../Plugins/2D/Paper2D/Content/OpaqueUnlitSpriteMaterial.uasset" 525
"../../../../../../Users/renia/Desktop/Unreal Engine Stuff/Chillenium_v8/Content/2dSideScroller/Textures/2DBackground.uasset" 526
"../../../../../../Users/renia/Desktop/Unreal Engine Stuff/Chillenium_v8/Content/2DSideScroller/Sprites/Background_Sprite.uasset" 527
"../../../../../../Users/renia/Desktop/Unreal Engine Stuff/Chillenium_v8/Content/2DSideScrollerBP/Maps/2DSideScrollerExampleMap.umap" 528
"../../../../../../Users/renia/Desktop/Unreal Engine Stuff/Chillenium_v8/Content/2DSideScrollerBP/Maps/2DSideScrollerExampleMap1_BuiltData.uasset" 529
"../../../../../../Users/renia/Desktop/Unreal Engine Stuff/Chillenium_v8/Content/2DSideScrollerBP/Maps/2DSideScrollerExampleMap1.umap" 530
"../../../Engine/Content/EngineSky/C_Sky_Cloud_Color.uasset" 531
"../../../Engine/Content/EngineSky/C_Sky_Horizon_Color.uasset" 532
"../../../Engine/Content/EngineSky/C_Sky_Zenith_Color.uasset" 533
"../../../Engine/Content/EngineSky/T_Sky_Blue.uasset" 534
"../../../Engine/Content/EngineSky/T_Sky_Clouds_M.uasset" 535
"../../../Engine/Content/EngineSky/T_Sky_Stars.uasset" 536
"../../../Engine/Content/EngineSky/M_Sky_Panning_Clouds2.uasset" 537
"../../../Engine/Content/EngineSky/SM_SkySphere.uasset" 538
"../../../Engine/Content/EngineSky/BP_Sky_Sphere.uasset" 539
"../../../../../../Users/renia/Desktop/Unreal Engine Stuff/Chillenium_v8/Content/Chillenium/Blueprints/BP_Win_level_00.uasset" 540
"../../../../../../Users/renia/Desktop/Unreal Engine Stuff/Chillenium_v8/Content/Chillenium/Levels/Level_00_BuiltData.uasset" 541
"../../../Engine/Content/BasicShapes/Plane.uasset" 542
"../../../../../../Users/renia/Desktop/Unreal Engine Stuff/Chillenium_v8/Content/Chillenium/Sprites/Entrance.uasset" 543
"../../../../../../Users/renia/Desktop/Unreal Engine Stuff/Chillenium_v8/Content/Chillenium/Sprites/Entrance_Sprite.uasset" 544
"../../../../../../Users/renia/Desktop/Unreal Engine Stuff/Chillenium_v8/Content/Chillenium/Sprites/Exit.uasset" 545
"../../../../../../Users/renia/Desktop/Unreal Engine Stuff/Chillenium_v8/Content/Chillenium/Sprites/Exit_Sprite_0.uasset" 546
"../../../../../../Users/renia/Desktop/Unreal Engine Stuff/Chillenium_v8/Content/Chillenium/Tileset/Tile2_Spritesheet_TileSet.uasset" 547
"../../../../../../Users/renia/Desktop/Unreal Engine Stuff/Chillenium_v8/Content/Chillenium/Tilemaps/TM_Level_00.uasset" 548
"../../../../../../Users/renia/Desktop/Unreal Engine Stuff/Chillenium_v8/Content/Chillenium/Levels/Level_00.umap" 549
"../../../../../../Users/renia/Desktop/Unreal Engine Stuff/Chillenium_v8/Content/Chillenium/Blueprints/BP_Win_Level_01.uasset" 550
"../../../../../../Users/renia/Desktop/Unreal Engine Stuff/Chillenium_v8/Content/Chillenium/Sprites/Tiles/Tile2_Spritesheet_Sprite_1.uasset" 551
"../../../../../../Users/renia/Desktop/Unreal Engine Stuff/Chillenium_v8/Content/Chillenium/Destroyable_Assets/BP_Bombable_Tile1.uasset" 552
"../../../../../../Users/renia/Desktop/Unreal Engine Stuff/Chillenium_v8/Content/Chillenium/Levels/Level_01_BuiltData.uasset" 553
"../../../../../../Users/renia/Desktop/Unreal Engine Stuff/Chillenium_v8/Content/Chillenium/Tilemaps/TM_Level_01.uasset" 554
"../../../../../../Users/renia/Desktop/Unreal Engine Stuff/Chillenium_v8/Content/Chillenium/Levels/Level_01.umap" 555
"../../../../../../Users/renia/Desktop/Unreal Engine Stuff/Chillenium_v8/Content/Chillenium/Blueprints/BP_Win_Level_02.uasset" 556
"../../../../../../Users/renia/Desktop/Unreal Engine Stuff/Chillenium_v8/Content/Chillenium/Levels/Level_02_BuiltData.uasset" 557
"../../../../../../Users/renia/Desktop/Unreal Engine Stuff/Chillenium_v8/Content/Chillenium/Tilemaps/TM_Level_02.uasset" 558
"../../../../../../Users/renia/Desktop/Unreal Engine Stuff/Chillenium_v8/Content/Chillenium/Levels/Level_02.umap" 559
"../../../../../../Users/renia/Desktop/Unreal Engine Stuff/Chillenium_v8/Content/Chillenium/Blueprints/BP_Win_Level_03.uasset" 560
"../../../../../../Users/renia/Desktop/Unreal Engine Stuff/Chillenium_v8/Content/Chillenium/Sprites/Tiles/Tile2_Spritesheet_Sprite_4.uasset" 561
"../../../../../../Users/renia/Desktop/Unreal Engine Stuff/Chillenium_v8/Content/Chillenium/Destroyable_Assets/BP_Bombable_Tile2.uasset" 562
"../../../../../../Users/renia/Desktop/Unreal Engine Stuff/Chillenium_v8/Content/Chillenium/Levels/Level_03_BuiltData.uasset" 563
"../../../../../../Users/renia/Desktop/Unreal Engine Stuff/Chillenium_v8/Content/Chillenium/Tilemaps/TM_Level_03.uasset" 564
"../../../../../../Users/renia/Desktop/Unreal Engine Stuff/Chillenium_v8/Content/Chillenium/Levels/Level_03.umap" 565
"../../../../../../Users/renia/Desktop/Unreal Engine Stuff/Chillenium_v8/Content/Chillenium/Sound/Slime_Music.uasset" 566
"../../../../../../Users/renia/Desktop/Unreal Engine Stuff/Chillenium_v8/Content/Chillenium/Sprites/Buttons_Sprite_1.uasset" 567
"../../../../../../Users/renia/Desktop/Unreal Engine Stuff/Chillenium_v8/Content/Chillenium/Sprites/Splash_Screen_v2.uasset" 568
"../../../../../../Users/renia/Desktop/Unreal Engine Stuff/Chillenium_v8/Content/Chillenium/Sprites/Splash_Screen_v2_Sprite_0.uasset" 569
"../../../../../../Users/renia/Desktop/Unreal Engine Stuff/Chillenium_v8/Content/Chillenium/UI/UI_MainMenu.uasset" 570
"../../../../../../Users/renia/Desktop/Unreal Engine Stuff/Chillenium_v8/Content/Chillenium/Levels/Menus/MainMenu.umap" 571
"../../../../../../Users/renia/Desktop/Unreal Engine Stuff/Chillenium_v8/Content/Chillenium/Levels/Menus/Menu.umap" 572
"../../../../../../Users/renia/Desktop/Unreal Engine Stuff/Chillenium_v8/Content/Chillenium/Tileset/Dirt.uasset" 573
"../../../../../../Users/renia/Desktop/Unreal Engine Stuff/Chillenium_v8/Content/Chillenium/Tileset/Dirt_Mat.uasset" 574
"../../../../../../Users/renia/Desktop/Unreal Engine Stuff/Chillenium_v8/Content/Chillenium/Tileset/B_Dirt.uasset" 575
"../../../../../../Users/renia/Desktop/Unreal Engine Stuff/Chillenium_v8/Content/Chillenium/Tileset/Rock.uasset" 576
"../../../../../../Users/renia/Desktop/Unreal Engine Stuff/Chillenium_v8/Content/Chillenium/Tileset/Rock_Mat.uasset" 577
"../../../../../../Users/renia/Desktop/Unreal Engine Stuff/Chillenium_v8/Content/Chillenium/Tileset/B_Rock.uasset" 578
"../../../../../../Users/renia/Desktop/Unreal Engine Stuff/Chillenium_v8/Content/Chillenium/Levels/PracticeLevels/Base_Practice_Level_BuiltData.uasset" 579
"../../../../../../Users/renia/Desktop/Unreal Engine Stuff/Chillenium_v8/Content/StarterContent/Textures/T_Brick_Clay_New_D.uasset" 580
"../../../../../../Users/renia/Desktop/Unreal Engine Stuff/Chillenium_v8/Content/StarterContent/Textures/T_Brick_Clay_New_M.uasset" 581
"../../../../../../Users/renia/Desktop/Unreal Engine Stuff/Chillenium_v8/Content/StarterContent/Textures/T_Brick_Clay_New_N.uasset" 582
"../../../../../../Users/renia/Desktop/Unreal Engine Stuff/Chillenium_v8/Content/StarterContent/Textures/T_MacroVariation.uasset" 583
"../../../../../../Users/renia/Desktop/Unreal Engine Stuff/Chillenium_v8/Content/StarterContent/Materials/M_Brick_Clay_New.uasset" 584
"../../../../../../Users/renia/Desktop/Unreal Engine Stuff/Chillenium_v8/Content/Chillenium/Levels/PracticeLevels/Base_Practice_Level.umap" 585
"../../../../../../Users/renia/Desktop/Unreal Engine Stuff/Chillenium_v8/Content/Chillenium/Levels/PracticeLevels/Practice_Level_BuiltData.uasset" 586
"../../../../../../Users/renia/Desktop/Unreal Engine Stuff/Chillenium_v8/Content/Chillenium/Tileset/Art_Mat.uasset" 587
"../../../../../../Users/renia/Desktop/Unreal Engine Stuff/Chillenium_v8/Content/Chillenium/Levels/PracticeLevels/Practice_Level.umap" 588
"../../../../../../Users/renia/Desktop/Unreal Engine Stuff/Chillenium_v8/Content/StarterContent/Blueprints/Assets/FogBrightnessLUT.uasset" 589
"../../../../../../Users/renia/Desktop/Unreal Engine Stuff/Chillenium_v8/Content/StarterContent/Blueprints/Assets/SunlightColorLUT.uasset" 590
"../../../../../../Users/renia/Desktop/Unreal Engine Stuff/Chillenium_v8/Content/StarterContent/Blueprints/Assets/M_LightStage_Arrows.uasset" 591
"../../../Engine/Content/MapTemplates/Sky/DaylightAmbientCubemap.uasset" 592
"../../../../../../Users/renia/Desktop/Unreal Engine Stuff/Chillenium_v8/Content/StarterContent/Blueprints/Assets/M_LightStage_Skybox_Master.uasset" 593
"../../../../../../Users/renia/Desktop/Unreal Engine Stuff/Chillenium_v8/Content/StarterContent/Blueprints/Assets/M_LightStage_Skybox_Black.uasset" 594
"../../../../../../Users/renia/Desktop/Unreal Engine Stuff/Chillenium_v8/Content/StarterContent/Blueprints/Assets/M_LightStage_Skybox_HDRI.uasset" 595
"../../../Engine/Content/EditorMaterials/Thumbnails/SkySphereMaterial.uasset" 596
"../../../../../../Users/renia/Desktop/Unreal Engine Stuff/Chillenium_v8/Content/StarterContent/Blueprints/Assets/Skybox.uasset" 597
"../../../../../../Users/renia/Desktop/Unreal Engine Stuff/Chillenium_v8/Content/StarterContent/Blueprints/Assets/SM_Arrows.uasset" 598
"../../../../../../Users/renia/Desktop/Unreal Engine Stuff/Chillenium_v8/Content/StarterContent/HDRI/HDRI_Epic_Courtyard_Daylight.uasset" 599
"../../../../../../Users/renia/Desktop/Unreal Engine Stuff/Chillenium_v8/Content/StarterContent/Blueprints/BP_LightStudio.uasset" 600
"../../../../../../Users/renia/Desktop/Unreal Engine Stuff/Chillenium_v8/Content/StarterContent/Maps/Advanced_Lighting_BuiltData.uasset" 601
"../../../../../../Users/renia/Desktop/Unreal Engine Stuff/Chillenium_v8/Content/StarterContent/Materials/M_AssetPlatform.uasset" 602
"../../../Engine/Content/EditorMeshes/ColorCalibrator/M_ChromeBall.uasset" 603
"../../../Engine/Content/EditorMeshes/ColorCalibrator/M_ClearCoat.uasset" 604
"../../../Engine/Content/EditorMeshes/ColorCalibrator/M_ClearCoatBlack.uasset" 605
"../../../Engine/Content/EditorMeshes/ColorCalibrator/Color_checker.uasset" 606
"../../../Engine/Content/EditorMeshes/ColorCalibrator/M_ColorGrid.uasset" 607
"../../../Engine/Content/EditorMeshes/ColorCalibrator/M_GreyBall.uasset" 608
"../../../Engine/Content/EditorMeshes/ColorCalibrator/SM_ColorCalibrator.uasset" 609
"../../../../../../Users/renia/Desktop/Unreal Engine Stuff/Chillenium_v8/Content/StarterContent/Architecture/SM_AssetPlatform.uasset" 610
"../../../../../../Users/renia/Desktop/Unreal Engine Stuff/Chillenium_v8/Content/StarterContent/Maps/Advanced_Lighting.umap" 611
"../../../../../../Users/renia/Desktop/Unreal Engine Stuff/Chillenium_v8/Content/StarterContent/Maps/Minimal_Default_BuiltData.uasset" 612
"../../../../../../Users/renia/Desktop/Unreal Engine Stuff/Chillenium_v8/Content/StarterContent/Materials/M_Metal_Brushed_Nickel.uasset" 613
"../../../../../../Users/renia/Desktop/Unreal Engine Stuff/Chillenium_v8/Content/StarterContent/Textures/T_Metal_Aluminum_D.uasset" 614
"../../../../../../Users/renia/Desktop/Unreal Engine Stuff/Chillenium_v8/Content/StarterContent/Textures/T_Metal_Gold_N.uasset" 615
"../../../../../../Users/renia/Desktop/Unreal Engine Stuff/Chillenium_v8/Content/StarterContent/Materials/M_Metal_Burnished_Steel.uasset" 616
"../../../../../../Users/renia/Desktop/Unreal Engine Stuff/Chillenium_v8/Content/StarterContent/Textures/T_Metal_Copper_D.uasset" 617
"../../../../../../Users/renia/Desktop/Unreal Engine Stuff/Chillenium_v8/Content/StarterContent/Materials/M_Metal_Copper.uasset" 618
"../../../../../../Users/renia/Desktop/Unreal Engine Stuff/Chillenium_v8/Content/StarterContent/Textures/T_Statue_M.uasset" 619
"../../../../../../Users/renia/Desktop/Unreal Engine Stuff/Chillenium_v8/Content/StarterContent/Textures/T_Statue_N.uasset" 620
"../../../../../../Users/renia/Desktop/Unreal Engine Stuff/Chillenium_v8/Content/StarterContent/Props/Materials/M_StatueGlass.uasset" 621
"../../../../../../Users/renia/Desktop/Unreal Engine Stuff/Chillenium_v8/Content/StarterContent/Architecture/Floor_400x400.uasset" 622
"../../../../../../Users/renia/Desktop/Unreal Engine Stuff/Chillenium_v8/Content/StarterContent/Audio/Starter_Background_Cue.uasset" 623
"../../../../../../Users/renia/Desktop/Unreal Engine Stuff/Chillenium_v8/Content/StarterContent/Props/SM_Chair.uasset" 624
"../../../../../../Users/renia/Desktop/Unreal Engine Stuff/Chillenium_v8/Content/StarterContent/Props/Materials/M_Statue.uasset" 625
"../../../../../../Users/renia/Desktop/Unreal Engine Stuff/Chillenium_v8/Content/StarterContent/Props/SM_Statue.uasset" 626
"../../../../../../Users/renia/Desktop/Unreal Engine Stuff/Chillenium_v8/Content/StarterContent/Textures/T_TableRound_M.uasset" 627
"../../../../../../Users/renia/Desktop/Unreal Engine Stuff/Chillenium_v8/Content/StarterContent/Textures/T_TableRound_N.uasset" 628
"../../../../../../Users/renia/Desktop/Unreal Engine Stuff/Chillenium_v8/Content/StarterContent/Props/Materials/M_TableRound.uasset" 629
"../../../../../../Users/renia/Desktop/Unreal Engine Stuff/Chillenium_v8/Content/StarterContent/Props/SM_TableRound.uasset" 630
"../../../../../../Users/renia/Desktop/Unreal Engine Stuff/Chillenium_v8/Content/StarterContent/Maps/Minimal_Default.umap" 631
"../../../../../../Users/renia/Desktop/Unreal Engine Stuff/Chillenium_v8/Content/StarterContent/Audio/Fire01_Cue.uasset" 632
"../../../../../../Users/renia/Desktop/Unreal Engine Stuff/Chillenium_v8/Content/StarterContent/Textures/T_Fire_SubUV.uasset" 633
"../../../../../../Users/renia/Desktop/Unreal Engine Stuff/Chillenium_v8/Content/StarterContent/Textures/T_Fire_Tiled_D.uasset" 634
"../../../../../../Users/renia/Desktop/Unreal Engine Stuff/Chillenium_v8/Content/StarterContent/Particles/Materials/M_Fire_SubUV.uasset" 635
"../../../../../../Users/renia/Desktop/Unreal Engine Stuff/Chillenium_v8/Content/StarterContent/Textures/T_Water_N.uasset" 636
"../../../../../../Users/renia/Desktop/Unreal Engine Stuff/Chillenium_v8/Content/StarterContent/Particles/Materials/M_Heat_Distortion.uasset" 637
"../../../../../../Users/renia/Desktop/Unreal Engine Stuff/Chillenium_v8/Content/StarterContent/Particles/Materials/M_Radial_Gradient.uasset" 638
"../../../../../../Users/renia/Desktop/Unreal Engine Stuff/Chillenium_v8/Content/StarterContent/Particles/P_Fire.uasset" 639
"../../../../../../Users/renia/Desktop/Unreal Engine Stuff/Chillenium_v8/Content/StarterContent/Blueprints/Blueprint_Effect_Fire.uasset" 640
"../../../../../../Users/renia/Desktop/Unreal Engine Stuff/Chillenium_v8/Content/StarterContent/Audio/Smoke01_Cue.uasset" 641
"../../../../../../Users/renia/Desktop/Unreal Engine Stuff/Chillenium_v8/Content/StarterContent/Particles/P_Smoke.uasset" 642
"../../../../../../Users/renia/Desktop/Unreal Engine Stuff/Chillenium_v8/Content/StarterContent/Blueprints/Blueprint_Effect_Smoke.uasset" 643
"../../../../../../Users/renia/Desktop/Unreal Engine Stuff/Chillenium_v8/Content/StarterContent/Audio/Fire_Sparks01_Cue.uasset" 644
"../../../../../../Users/renia/Desktop/Unreal Engine Stuff/Chillenium_v8/Content/StarterContent/Textures/T_Spark_Core.uasset" 645
"../../../../../../Users/renia/Desktop/Unreal Engine Stuff/Chillenium_v8/Content/StarterContent/Particles/Materials/M_Spark.uasset" 646
"../../../../../../Users/renia/Desktop/Unreal Engine Stuff/Chillenium_v8/Content/StarterContent/Particles/P_Sparks.uasset" 647
"../../../../../../Users/renia/Desktop/Unreal Engine Stuff/Chillenium_v8/Content/StarterContent/Blueprints/Blueprint_Effect_Sparks.uasset" 648
"../../../../../../Users/renia/Desktop/Unreal Engine Stuff/Chillenium_v8/Content/StarterContent/Audio/Steam01_Cue.uasset" 649
"../../../../../../Users/renia/Desktop/Unreal Engine Stuff/Chillenium_v8/Content/StarterContent/Particles/P_Steam_Lit.uasset" 650
"../../../../../../Users/renia/Desktop/Unreal Engine Stuff/Chillenium_v8/Content/StarterContent/Blueprints/Blueprint_Effect_Steam.uasset" 651
"../../../../../../Users/renia/Desktop/Unreal Engine Stuff/Chillenium_v8/Content/StarterContent/Textures/T_Lamp_M.uasset" 652
"../../../../../../Users/renia/Desktop/Unreal Engine Stuff/Chillenium_v8/Content/StarterContent/Textures/T_Lamp_N.uasset" 653
"../../../../../../Users/renia/Desktop/Unreal Engine Stuff/Chillenium_v8/Content/StarterContent/Props/Materials/M_Lamp.uasset" 654
"../../../../../../Users/renia/Desktop/Unreal Engine Stuff/Chillenium_v8/Content/StarterContent/Props/SM_Lamp_Ceiling.uasset" 655
"../../../../../../Users/renia/Desktop/Unreal Engine Stuff/Chillenium_v8/Content/StarterContent/Blueprints/Blueprint_CeilingLight.uasset" 656
"../../../../../../Users/renia/Desktop/Unreal Engine Stuff/Chillenium_v8/Content/StarterContent/Props/SM_Lamp_Wall.uasset" 657
"../../../../../../Users/renia/Desktop/Unreal Engine Stuff/Chillenium_v8/Content/StarterContent/Blueprints/Blueprint_WallSconce.uasset" 658
"../../../../../../Users/renia/Desktop/Unreal Engine Stuff/Chillenium_v8/Content/StarterContent/Maps/StarterMap_BuiltData.uasset" 659
"../../../Engine/Content/Functions/Engine_MaterialFunctions03/Procedurals/ComputeFilterWidth.uasset" 660
"../../../Engine/Content/EngineMaterials/AntiAliasedTextMaterialTranslucent.uasset" 661
"../../../../../../Users/renia/Desktop/Unreal Engine Stuff/Chillenium_v8/Content/StarterContent/Textures/T_Brick_Clay_Beveled_D.uasset" 662
"../../../../../../Users/renia/Desktop/Unreal Engine Stuff/Chillenium_v8/Content/StarterContent/Textures/T_Brick_Clay_Beveled_M.uasset" 663
"../../../../../../Users/renia/Desktop/Unreal Engine Stuff/Chillenium_v8/Content/StarterContent/Textures/T_Brick_Clay_Beveled_N.uasset" 664
"../../../../../../Users/renia/Desktop/Unreal Engine Stuff/Chillenium_v8/Content/StarterContent/Materials/M_Brick_Clay_Beveled.uasset" 665
"../../../../../../Users/renia/Desktop/Unreal Engine Stuff/Chillenium_v8/Content/StarterContent/Textures/T_Brick_Clay_Old_D.uasset" 666
"../../../../../../Users/renia/Desktop/Unreal Engine Stuff/Chillenium_v8/Content/StarterContent/Textures/T_Brick_Clay_Old_N.uasset" 667
"../../../../../../Users/renia/Desktop/Unreal Engine Stuff/Chillenium_v8/Content/StarterContent/Textures/T_Perlin_Noise_M.uasset" 668
"../../../../../../Users/renia/Desktop/Unreal Engine Stuff/Chillenium_v8/Content/StarterContent/Materials/M_Brick_Clay_Old.uasset" 669
"../../../../../../Users/renia/Desktop/Unreal Engine Stuff/Chillenium_v8/Content/StarterContent/Textures/T_Brick_Cut_Stone_D.uasset" 670
"../../../../../../Users/renia/Desktop/Unreal Engine Stuff/Chillenium_v8/Content/StarterContent/Textures/T_Brick_Cut_Stone_N.uasset" 671
"../../../../../../Users/renia/Desktop/Unreal Engine Stuff/Chillenium_v8/Content/StarterContent/Materials/M_Brick_Cut_Stone.uasset" 672
"../../../../../../Users/renia/Desktop/Unreal Engine Stuff/Chillenium_v8/Content/StarterContent/Textures/T_Brick_Hewn_Stone_D.uasset" 673
"../../../../../../Users/renia/Desktop/Unreal Engine Stuff/Chillenium_v8/Content/StarterContent/Textures/T_Brick_Hewn_Stone_M.uasset" 674
"../../../../../../Users/renia/Desktop/Unreal Engine Stuff/Chillenium_v8/Content/StarterContent/Textures/T_Brick_Hewn_Stone_N.uasset" 675
"../../../../../../Users/renia/Desktop/Unreal Engine Stuff/Chillenium_v8/Content/StarterContent/Materials/M_Brick_Hewn_Stone.uasset" 676
"../../../../../../Users/renia/Desktop/Unreal Engine Stuff/Chillenium_v8/Content/StarterContent/Textures/T_Ceramic_Tile_M.uasset" 677
"../../../../../../Users/renia/Desktop/Unreal Engine Stuff/Chillenium_v8/Content/StarterContent/Textures/T_Ceramic_Tile_N.uasset" 678
"../../../../../../Users/renia/Desktop/Unreal Engine Stuff/Chillenium_v8/Content/StarterContent/Textures/T_Rock_Marble_Polished_D.uasset" 679
"../../../../../../Users/renia/Desktop/Unreal Engine Stuff/Chillenium_v8/Content/StarterContent/Materials/M_Ceramic_Tile_Checker.uasset" 680
"../../../../../../Users/renia/Desktop/Unreal Engine Stuff/Chillenium_v8/Content/StarterContent/Textures/T_CobbleStone_Pebble_D.uasset" 681
"../../../../../../Users/renia/Desktop/Unreal Engine Stuff/Chillenium_v8/Content/StarterContent/Textures/T_CobbleStone_Pebble_M.uasset" 682
"../../../../../../Users/renia/Desktop/Unreal Engine Stuff/Chillenium_v8/Content/StarterContent/Textures/T_CobbleStone_Pebble_N.uasset" 683
"../../../../../../Users/renia/Desktop/Unreal Engine Stuff/Chillenium_v8/Content/StarterContent/Materials/M_CobbleStone_Pebble.uasset" 684
"../../../../../../Users/renia/Desktop/Unreal Engine Stuff/Chillenium_v8/Content/StarterContent/Textures/T_CobbleStone_Rough_D.uasset" 685
"../../../../../../Users/renia/Desktop/Unreal Engine Stuff/Chillenium_v8/Content/StarterContent/Textures/T_CobbleStone_Rough_N.uasset" 686
"../../../../../../Users/renia/Desktop/Unreal Engine Stuff/Chillenium_v8/Content/StarterContent/Textures/T_Gradinet_01.uasset" 687
"../../../../../../Users/renia/Desktop/Unreal Engine Stuff/Chillenium_v8/Content/StarterContent/Textures/T_Rock_Smooth_Granite_D.uasset" 688
"../../../../../../Users/renia/Desktop/Unreal Engine Stuff/Chillenium_v8/Content/StarterContent/Materials/M_CobbleStone_Rough.uasset" 689
"../../../../../../Users/renia/Desktop/Unreal Engine Stuff/Chillenium_v8/Content/StarterContent/Textures/T_CobbleStone_Smooth_D.uasset" 690
"../../../../../../Users/renia/Desktop/Unreal Engine Stuff/Chillenium_v8/Content/StarterContent/Textures/T_CobbleStone_Smooth_M.uasset" 691
"../../../../../../Users/renia/Desktop/Unreal Engine Stuff/Chillenium_v8/Content/StarterContent/Textures/T_CobbleStone_Smooth_N.uasset" 692
"../../../../../../Users/renia/Desktop/Unreal Engine Stuff/Chillenium_v8/Content/StarterContent/Materials/M_CobbleStone_Smooth.uasset" 693
"../../../../../../Users/renia/Desktop/Unreal Engine Stuff/Chillenium_v8/Content/StarterContent/Textures/T_Concrete_Grime_D.uasset" 694
"../../../../../../Users/renia/Desktop/Unreal Engine Stuff/Chillenium_v8/Content/StarterContent/Textures/T_Metal_Rust_N.uasset" 695
"../../../../../../Users/renia/Desktop/Unreal Engine Stuff/Chillenium_v8/Content/StarterContent/Materials/M_Concrete_Grime.uasset" 696
"../../../../../../Users/renia/Desktop/Unreal Engine Stuff/Chillenium_v8/Content/StarterContent/Textures/T_Concrete_Panels_D.uasset" 697
"../../../../../../Users/renia/Desktop/Unreal Engine Stuff/Chillenium_v8/Content/StarterContent/Textures/T_Concrete_Panels_N.uasset" 698
"../../../../../../Users/renia/Desktop/Unreal Engine Stuff/Chillenium_v8/Content/StarterContent/Materials/M_Concrete_Panels.uasset" 699
"../../../../../../Users/renia/Desktop/Unreal Engine Stuff/Chillenium_v8/Content/StarterContent/Textures/T_Concrete_Poured_D.uasset" 700
"../../../../../../Users/renia/Desktop/Unreal Engine Stuff/Chillenium_v8/Content/StarterContent/Textures/T_Concrete_Poured_N.uasset" 701
"../../../../../../Users/renia/Desktop/Unreal Engine Stuff/Chillenium_v8/Content/StarterContent/Materials/M_Concrete_Poured.uasset" 702
"../../../../../../Users/renia/Desktop/Unreal Engine Stuff/Chillenium_v8/Content/StarterContent/Textures/T_Concrete_Tiles_D.uasset" 703
"../../../../../../Users/renia/Desktop/Unreal Engine Stuff/Chillenium_v8/Content/StarterContent/Textures/T_Concrete_Tiles_M.uasset" 704
"../../../../../../Users/renia/Desktop/Unreal Engine Stuff/Chillenium_v8/Content/StarterContent/Textures/T_Concrete_Tiles_N.uasset" 705
"../../../../../../Users/renia/Desktop/Unreal Engine Stuff/Chillenium_v8/Content/StarterContent/Textures/T_Concrete_Tiles_Variation_M.uasset" 706
"../../../../../../Users/renia/Desktop/Unreal Engine Stuff/Chillenium_v8/Content/StarterContent/Materials/M_Concrete_Tiles.uasset" 707
"../../../../../../Users/renia/Desktop/Unreal Engine Stuff/Chillenium_v8/Content/StarterContent/Textures/T_Ground_Grass_D.uasset" 708
"../../../../../../Users/renia/Desktop/Unreal Engine Stuff/Chillenium_v8/Content/StarterContent/Textures/T_Ground_Grass_N.uasset" 709
"../../../../../../Users/renia/Desktop/Unreal Engine Stuff/Chillenium_v8/Content/StarterContent/Materials/M_Ground_Grass.uasset" 710
"../../../../../../Users/renia/Desktop/Unreal Engine Stuff/Chillenium_v8/Content/StarterContent/Textures/T_Ground_Gravel_D.uasset" 711
"../../../../../../Users/renia/Desktop/Unreal Engine Stuff/Chillenium_v8/Content/StarterContent/Textures/T_Ground_Gravel_N.uasset" 712
"../../../../../../Users/renia/Desktop/Unreal Engine Stuff/Chillenium_v8/Content/StarterContent/Materials/M_Ground_Gravel.uasset" 713
"../../../../../../Users/renia/Desktop/Unreal Engine Stuff/Chillenium_v8/Content/StarterContent/Textures/T_ground_Moss_D.uasset" 714
"../../../../../../Users/renia/Desktop/Unreal Engine Stuff/Chillenium_v8/Content/StarterContent/Textures/T_Ground_Moss_N.uasset" 715
"../../../../../../Users/renia/Desktop/Unreal Engine Stuff/Chillenium_v8/Content/StarterContent/Materials/M_Ground_Moss.uasset" 716
"../../../../../../Users/renia/Desktop/Unreal Engine Stuff/Chillenium_v8/Content/StarterContent/Materials/M_Metal_Chrome.uasset" 717
"../../../../../../Users/renia/Desktop/Unreal Engine Stuff/Chillenium_v8/Content/StarterContent/Textures/T_Metal_Gold_D.uasset" 718
"../../../../../../Users/renia/Desktop/Unreal Engine Stuff/Chillenium_v8/Content/StarterContent/Materials/M_Metal_Gold.uasset" 719
"../../../../../../Users/renia/Desktop/Unreal Engine Stuff/Chillenium_v8/Content/StarterContent/Textures/T_Metal_Rust_D.uasset" 720
"../../../../../../Users/renia/Desktop/Unreal Engine Stuff/Chillenium_v8/Content/StarterContent/Materials/M_Metal_Rust.uasset" 721
"../../../../../../Users/renia/Desktop/Unreal Engine Stuff/Chillenium_v8/Content/StarterContent/Textures/T_Metal_Steel_D.uasset" 722
"../../../../../../Users/renia/Desktop/Unreal Engine Stuff/Chillenium_v8/Content/StarterContent/Textures/T_Metal_Steel_N.uasset" 723
"../../../../../../Users/renia/Desktop/Unreal Engine Stuff/Chillenium_v8/Content/StarterContent/Materials/M_Metal_Steel.uasset" 724
"../../../../../../Users/renia/Desktop/Unreal Engine Stuff/Chillenium_v8/Content/StarterContent/Textures/T_Rock_Basalt_N.uasset" 725
"../../../../../../Users/renia/Desktop/Unreal Engine Stuff/Chillenium_v8/Content/StarterContent/Materials/M_Rock_Basalt.uasset" 726
"../../../../../../Users/renia/Desktop/Unreal Engine Stuff/Chillenium_v8/Content/StarterContent/Materials/M_Rock_Marble_Polished.uasset" 727
"../../../../../../Users/renia/Desktop/Unreal Engine Stuff/Chillenium_v8/Content/StarterContent/Textures/T_Rock_Sandstone_D.uasset" 728
"../../../../../../Users/renia/Desktop/Unreal Engine Stuff/Chillenium_v8/Content/StarterContent/Textures/T_Rock_Sandstone_N.uasset" 729
"../../../../../../Users/renia/Desktop/Unreal Engine Stuff/Chillenium_v8/Content/StarterContent/Materials/M_Rock_Sandstone.uasset" 730
"../../../../../../Users/renia/Desktop/Unreal Engine Stuff/Chillenium_v8/Content/StarterContent/Textures/T_Rock_Slate_D.uasset" 731
"../../../../../../Users/renia/Desktop/Unreal Engine Stuff/Chillenium_v8/Content/StarterContent/Textures/T_Rock_Slate_N.uasset" 732
"../../../../../../Users/renia/Desktop/Unreal Engine Stuff/Chillenium_v8/Content/StarterContent/Materials/M_Rock_Slate.uasset" 733
"../../../../../../Users/renia/Desktop/Unreal Engine Stuff/Chillenium_v8/Content/StarterContent/Textures/T_Checker_Noise_M.uasset" 734
"../../../../../../Users/renia/Desktop/Unreal Engine Stuff/Chillenium_v8/Content/StarterContent/Textures/T_Single_Tile_N.uasset" 735
"../../../../../../Users/renia/Desktop/Unreal Engine Stuff/Chillenium_v8/Content/StarterContent/Textures/T_Tech_Dot_M.uasset" 736
"../../../../../../Users/renia/Desktop/Unreal Engine Stuff/Chillenium_v8/Content/StarterContent/Textures/T_Tech_Dot_N.uasset" 737
"../../../../../../Users/renia/Desktop/Unreal Engine Stuff/Chillenium_v8/Content/StarterContent/Materials/M_Tech_Checker_Dot.uasset" 738
"../../../../../../Users/renia/Desktop/Unreal Engine Stuff/Chillenium_v8/Content/StarterContent/Textures/T_Tech_Hex_Tile_M.uasset" 739
"../../../../../../Users/renia/Desktop/Unreal Engine Stuff/Chillenium_v8/Content/StarterContent/Textures/T_Tech_Hex_Tile_N.uasset" 740
"../../../../../../Users/renia/Desktop/Unreal Engine Stuff/Chillenium_v8/Content/StarterContent/Materials/M_Tech_Hex_Tile.uasset" 741
"../../../../../../Users/renia/Desktop/Unreal Engine Stuff/Chillenium_v8/Content/StarterContent/Materials/M_Tech_Hex_Tile_Pulse.uasset" 742
"../../../../../../Users/renia/Desktop/Unreal Engine Stuff/Chillenium_v8/Content/StarterContent/Textures/T_Tech_Panel_M.uasset" 743
"../../../../../../Users/renia/Desktop/Unreal Engine Stuff/Chillenium_v8/Content/StarterContent/Textures/T_Tech_Panel_N.uasset" 744
"../../../../../../Users/renia/Desktop/Unreal Engine Stuff/Chillenium_v8/Content/StarterContent/Materials/M_Tech_Panel.uasset" 745
"../../../../../../Users/renia/Desktop/Unreal Engine Stuff/Chillenium_v8/Content/StarterContent/Materials/M_Water_Lake.uasset" 746
"../../../../../../Users/renia/Desktop/Unreal Engine Stuff/Chillenium_v8/Content/StarterContent/Textures/T_Water_M.uasset" 747
"../../../../../../Users/renia/Desktop/Unreal Engine Stuff/Chillenium_v8/Content/StarterContent/Materials/M_Water_Ocean.uasset" 748
"../../../../../../Users/renia/Desktop/Unreal Engine Stuff/Chillenium_v8/Content/StarterContent/Textures/T_Wood_Floor_Walnut_D.uasset" 749
"../../../../../../Users/renia/Desktop/Unreal Engine Stuff/Chillenium_v8/Content/StarterContent/Textures/T_Wood_Floor_Walnut_M.uasset" 750
"../../../../../../Users/renia/Desktop/Unreal Engine Stuff/Chillenium_v8/Content/StarterContent/Textures/T_Wood_Floor_Walnut_N.uasset" 751
"../../../../../../Users/renia/Desktop/Unreal Engine Stuff/Chillenium_v8/Content/StarterContent/Materials/M_Wood_Floor_Walnut_Polished.uasset" 752
"../../../Engine/Content/Functions/Engine_MaterialFunctions01/Opacity/AlphaOffset.uasset" 753
"../../../../../../Users/renia/Desktop/Unreal Engine Stuff/Chillenium_v8/Content/StarterContent/Materials/M_Wood_Floor_Walnut_Worn.uasset" 754
"../../../../../../Users/renia/Desktop/Unreal Engine Stuff/Chillenium_v8/Content/StarterContent/Textures/T_Wood_Oak_D.uasset" 755
"../../../../../../Users/renia/Desktop/Unreal Engine Stuff/Chillenium_v8/Content/StarterContent/Textures/T_Wood_Oak_N.uasset" 756
"../../../../../../Users/renia/Desktop/Unreal Engine Stuff/Chillenium_v8/Content/StarterContent/Materials/M_Wood_Oak.uasset" 757
"../../../../../../Users/renia/Desktop/Unreal Engine Stuff/Chillenium_v8/Content/StarterContent/Textures/T_Wood_Pine_D.uasset" 758
"../../../../../../Users/renia/Desktop/Unreal Engine Stuff/Chillenium_v8/Content/StarterContent/Textures/T_Wood_Pine_N.uasset" 759
"../../../../../../Users/renia/Desktop/Unreal Engine Stuff/Chillenium_v8/Content/StarterContent/Materials/M_Wood_Pine.uasset" 760
"../../../../../../Users/renia/Desktop/Unreal Engine Stuff/Chillenium_v8/Content/StarterContent/Textures/T_Wood_Walnut_D.uasset" 761
"../../../../../../Users/renia/Desktop/Unreal Engine Stuff/Chillenium_v8/Content/StarterContent/Textures/T_Wood_Walnut_N.uasset" 762
"../../../../../../Users/renia/Desktop/Unreal Engine Stuff/Chillenium_v8/Content/StarterContent/Materials/M_Wood_Walnut.uasset" 763
"../../../../../../Users/renia/Desktop/Unreal Engine Stuff/Chillenium_v8/Content/StarterContent/Architecture/Wall_400x200.uasset" 764
"../../../../../../Users/renia/Desktop/Unreal Engine Stuff/Chillenium_v8/Content/StarterContent/Architecture/Wall_Door_400x300.uasset" 765
"../../../../../../Users/renia/Desktop/Unreal Engine Stuff/Chillenium_v8/Content/StarterContent/Architecture/Wall_Window_400x300.uasset" 766
"../../../../../../Users/renia/Desktop/Unreal Engine Stuff/Chillenium_v8/Content/StarterContent/Audio/Collapse_Cue.uasset" 767
"../../../../../../Users/renia/Desktop/Unreal Engine Stuff/Chillenium_v8/Content/StarterContent/Audio/Starter_Music_Cue.uasset" 768
"../../../../../../Users/renia/Desktop/Unreal Engine Stuff/Chillenium_v8/Content/StarterContent/Textures/T_Dust_Particle_D.uasset" 769
"../../../../../../Users/renia/Desktop/Unreal Engine Stuff/Chillenium_v8/Content/StarterContent/Particles/Materials/M_Dust_Particle.uasset" 770
"../../../../../../Users/renia/Desktop/Unreal Engine Stuff/Chillenium_v8/Content/StarterContent/Particles/P_Ambient_Dust.uasset" 771
"../../../../../../Users/renia/Desktop/Unreal Engine Stuff/Chillenium_v8/Content/StarterContent/Props/MaterialSphere.uasset" 772
"../../../../../../Users/renia/Desktop/Unreal Engine Stuff/Chillenium_v8/Content/StarterContent/Textures/T_Frame_M.uasset" 773
"../../../../../../Users/renia/Desktop/Unreal Engine Stuff/Chillenium_v8/Content/StarterContent/Textures/T_Frame_N.uasset" 774
"../../../../../../Users/renia/Desktop/Unreal Engine Stuff/Chillenium_v8/Content/StarterContent/Props/Materials/M_Frame.uasset" 775
"../../../../../../Users/renia/Desktop/Unreal Engine Stuff/Chillenium_v8/Content/StarterContent/Props/SM_CornerFrame.uasset" 776
"../../../../../../Users/renia/Desktop/Unreal Engine Stuff/Chillenium_v8/Content/StarterContent/Props/SM_DoorFrame.uasset" 777
"../../../../../../Users/renia/Desktop/Unreal Engine Stuff/Chillenium_v8/Content/StarterContent/Props/SM_GlassWindow.uasset" 778
"../../../../../../Users/renia/Desktop/Unreal Engine Stuff/Chillenium_v8/Content/StarterContent/Props/SM_PillarFrame.uasset" 779
"../../../../../../Users/renia/Desktop/Unreal Engine Stuff/Chillenium_v8/Content/StarterContent/Props/SM_PillarFrame300.uasset" 780
"../../../../../../Users/renia/Desktop/Unreal Engine Stuff/Chillenium_v8/Content/StarterContent/Props/SM_WindowFrame.uasset" 781
"../../../../../../Users/renia/Desktop/Unreal Engine Stuff/Chillenium_v8/Content/StarterContent/Shapes/Shape_Cube.uasset" 782
"../../../../../../Users/renia/Desktop/Unreal Engine Stuff/Chillenium_v8/Content/StarterContent/Shapes/Shape_QuadPyramid.uasset" 783
"../../../../../../Users/renia/Desktop/Unreal Engine Stuff/Chillenium_v8/Content/StarterContent/Shapes/Shape_Sphere.uasset" 784
"../../../../../../Users/renia/Desktop/Unreal Engine Stuff/Chillenium_v8/Content/StarterContent/Maps/StarterMap.umap" 785
"../../../Engine/Content/Maps/Entry_BuiltData.uasset" 786
"../../../Engine/Content/Maps/Entry.umap" 787
